[16-Feb-2022 18:59:45 UTC] PHP Warning:  PHP Startup: Unable to load dynamic library 'sqlite3' (tried: /usr/local/lib/php/extensions/no-debug-non-zts-20190902/sqlite3 (/usr/local/lib/php/extensions/no-debug-non-zts-20190902/sqlite3: cannot open shared object file: No such file or directory), /usr/local/lib/php/extensions/no-debug-non-zts-20190902/sqlite3.so (/usr/local/lib/php/extensions/no-debug-non-zts-20190902/sqlite3.so: cannot open shared object file: No such file or directory)) in Unknown on line 0
[16-Feb-2022 18:59:45 UTC] PHP Warning:  Module 'intl' already loaded in Unknown on line 0
[Wed Feb 16 18:59:45.626583 2022] [mpm_prefork:notice] [pid 659] AH00163: Apache/2.4.52 (Debian) PHP/7.4.27 OpenSSL/1.1.1k configured -- resuming normal operations
[Wed Feb 16 18:59:45.627673 2022] [core:notice] [pid 659] AH00094: Command line: '/usr/sbin/apache2 -D FOREGROUND'
[Wed Feb 16 19:00:23.738267 2022] [php7:error] [pid 661] [client 172.29.0.1:56952] script '/var/www/html/indexe.php' not found or unable to stat
[17-Feb-2022 09:26:27 UTC] PHP Warning:  PHP Startup: Unable to load dynamic library 'sqlite3' (tried: /usr/local/lib/php/extensions/no-debug-non-zts-20190902/sqlite3 (/usr/local/lib/php/extensions/no-debug-non-zts-20190902/sqlite3: cannot open shared object file: No such file or directory), /usr/local/lib/php/extensions/no-debug-non-zts-20190902/sqlite3.so (/usr/local/lib/php/extensions/no-debug-non-zts-20190902/sqlite3.so: cannot open shared object file: No such file or directory)) in Unknown on line 0
[17-Feb-2022 09:26:28 UTC] PHP Warning:  Module 'intl' already loaded in Unknown on line 0
[Thu Feb 17 09:26:30.361350 2022] [mpm_prefork:notice] [pid 661] AH00163: Apache/2.4.52 (Debian) PHP/7.4.27 OpenSSL/1.1.1k configured -- resuming normal operations
[Thu Feb 17 09:26:30.362437 2022] [core:notice] [pid 661] AH00094: Command line: '/usr/sbin/apache2 -D FOREGROUND'
[Thu Feb 17 09:48:31.987476 2022] [php7:error] [pid 663] [client 172.20.0.1:58990] script '/var/www/html/index.php' not found or unable to stat
[17-Feb-2022 09:51:23 UTC] PHP Warning:  PHP Startup: Unable to load dynamic library 'sqlite3' (tried: /usr/local/lib/php/extensions/no-debug-non-zts-20190902/sqlite3 (/usr/local/lib/php/extensions/no-debug-non-zts-20190902/sqlite3: cannot open shared object file: No such file or directory), /usr/local/lib/php/extensions/no-debug-non-zts-20190902/sqlite3.so (/usr/local/lib/php/extensions/no-debug-non-zts-20190902/sqlite3.so: cannot open shared object file: No such file or directory)) in Unknown on line 0
[17-Feb-2022 09:51:23 UTC] PHP Warning:  Module 'intl' already loaded in Unknown on line 0
[Thu Feb 17 09:51:23.971841 2022] [mpm_prefork:notice] [pid 658] AH00163: Apache/2.4.52 (Debian) PHP/7.4.27 OpenSSL/1.1.1k configured -- resuming normal operations
[Thu Feb 17 09:51:23.975532 2022] [core:notice] [pid 658] AH00094: Command line: '/usr/sbin/apache2 -D FOREGROUND'
[17-Feb-2022 10:28:06 UTC] PHP Warning:  Missing boundary in multipart/form-data POST data in Unknown on line 0
[17-Feb-2022 10:28:54 UTC] PHP Warning:  Missing boundary in multipart/form-data POST data in Unknown on line 0
[17-Feb-2022 10:29:26 UTC] PHP Warning:  Missing boundary in multipart/form-data POST data in Unknown on line 0
[17-Feb-2022 11:05:55 UTC] PHP Warning:  Missing boundary in multipart/form-data POST data in Unknown on line 0
[17-Feb-2022 16:28:57 Europe/Berlin] PHP Fatal error:  Cannot redeclare App\Controllers\Api::upload_pdf() in /var/www/html/api-security-scout-ci4/app/Controllers/Api.php on line 41
[17-Feb-2022 16:29:09 Europe/Berlin] PHP Fatal error:  Cannot redeclare App\Controllers\Api::upload_pdf() in /var/www/html/api-security-scout-ci4/app/Controllers/Api.php on line 41
[17-Feb-2022 16:30:23 Europe/Berlin] PHP Fatal error:  Cannot redeclare App\Controllers\Api::upload_pdf() in /var/www/html/api-security-scout-ci4/app/Controllers/Api.php on line 41
[17-Feb-2022 16:30:41 Europe/Berlin] PHP Fatal error:  Cannot redeclare App\Controllers\Api::upload_pdf() in /var/www/html/api-security-scout-ci4/app/Controllers/Api.php on line 41
[17-Feb-2022 16:34:12 Europe/Berlin] PHP Fatal error:  Cannot redeclare App\Controllers\Api::upload_pdf() in /var/www/html/api-security-scout-ci4/app/Controllers/Api.php on line 41
[18-Feb-2022 09:29:41 UTC] PHP Warning:  PHP Startup: Unable to load dynamic library 'sqlite3' (tried: /usr/local/lib/php/extensions/no-debug-non-zts-20190902/sqlite3 (/usr/local/lib/php/extensions/no-debug-non-zts-20190902/sqlite3: cannot open shared object file: No such file or directory), /usr/local/lib/php/extensions/no-debug-non-zts-20190902/sqlite3.so (/usr/local/lib/php/extensions/no-debug-non-zts-20190902/sqlite3.so: cannot open shared object file: No such file or directory)) in Unknown on line 0
[18-Feb-2022 09:29:41 UTC] PHP Warning:  Module 'intl' already loaded in Unknown on line 0
[Fri Feb 18 09:29:41.931295 2022] [mpm_prefork:notice] [pid 660] AH00163: Apache/2.4.52 (Debian) PHP/7.4.27 OpenSSL/1.1.1k configured -- resuming normal operations
[Fri Feb 18 09:29:41.931994 2022] [core:notice] [pid 660] AH00094: Command line: '/usr/sbin/apache2 -D FOREGROUND'
[Fri Feb 18 11:32:05.678385 2022] [authz_core:error] [pid 670] [client 172.20.0.1:63726] AH01630: client denied by server configuration: /var/www/html/api-security-scout-ci4/writable/pdf/aarnold/20210903095139_Sputnik.pdf
[21-Feb-2022 08:34:19 UTC] PHP Warning:  PHP Startup: Unable to load dynamic library 'sqlite3' (tried: /usr/local/lib/php/extensions/no-debug-non-zts-20190902/sqlite3 (/usr/local/lib/php/extensions/no-debug-non-zts-20190902/sqlite3: cannot open shared object file: No such file or directory), /usr/local/lib/php/extensions/no-debug-non-zts-20190902/sqlite3.so (/usr/local/lib/php/extensions/no-debug-non-zts-20190902/sqlite3.so: cannot open shared object file: No such file or directory)) in Unknown on line 0
[21-Feb-2022 08:34:20 UTC] PHP Warning:  Module 'intl' already loaded in Unknown on line 0
[Mon Feb 21 08:34:21.659244 2022] [mpm_prefork:notice] [pid 661] AH00163: Apache/2.4.52 (Debian) PHP/7.4.27 OpenSSL/1.1.1k configured -- resuming normal operations
[Mon Feb 21 08:34:21.660132 2022] [core:notice] [pid 661] AH00094: Command line: '/usr/sbin/apache2 -D FOREGROUND'
[21-Feb-2022 14:41:02 Europe/Berlin] PHP Fatal error:  Cannot redeclare App\Models\CrmModel::addPdf() in /var/www/html/api-security-scout-ci4/app/Models/CrmModel.php on line 75
[21-Feb-2022 14:44:39 Europe/Berlin] PHP Fatal error:  Cannot redeclare App\Models\CrmModel::addPdf() in /var/www/html/api-security-scout-ci4/app/Models/CrmModel.php on line 75
[22-Feb-2022 08:37:31 UTC] PHP Warning:  PHP Startup: Unable to load dynamic library 'sqlite3' (tried: /usr/local/lib/php/extensions/no-debug-non-zts-20190902/sqlite3 (/usr/local/lib/php/extensions/no-debug-non-zts-20190902/sqlite3: cannot open shared object file: No such file or directory), /usr/local/lib/php/extensions/no-debug-non-zts-20190902/sqlite3.so (/usr/local/lib/php/extensions/no-debug-non-zts-20190902/sqlite3.so: cannot open shared object file: No such file or directory)) in Unknown on line 0
[22-Feb-2022 08:37:31 UTC] PHP Warning:  Module 'intl' already loaded in Unknown on line 0
[Tue Feb 22 08:37:33.106189 2022] [mpm_prefork:notice] [pid 662] AH00163: Apache/2.4.52 (Debian) PHP/7.4.27 OpenSSL/1.1.1k configured -- resuming normal operations
[Tue Feb 22 08:37:33.107226 2022] [core:notice] [pid 662] AH00094: Command line: '/usr/sbin/apache2 -D FOREGROUND'
[22-Feb-2022 14:25:54 UTC] PHP Warning:  PHP Startup: Unable to load dynamic library 'sqlite3' (tried: /usr/local/lib/php/extensions/no-debug-non-zts-20190902/sqlite3 (/usr/local/lib/php/extensions/no-debug-non-zts-20190902/sqlite3: cannot open shared object file: No such file or directory), /usr/local/lib/php/extensions/no-debug-non-zts-20190902/sqlite3.so (/usr/local/lib/php/extensions/no-debug-non-zts-20190902/sqlite3.so: cannot open shared object file: No such file or directory)) in Unknown on line 0
[22-Feb-2022 14:25:54 UTC] PHP Warning:  Module 'intl' already loaded in Unknown on line 0
[Tue Feb 22 14:25:54.994934 2022] [mpm_prefork:notice] [pid 658] AH00163: Apache/2.4.52 (Debian) PHP/7.4.27 OpenSSL/1.1.1k configured -- resuming normal operations
[Tue Feb 22 14:25:54.996313 2022] [core:notice] [pid 658] AH00094: Command line: '/usr/sbin/apache2 -D FOREGROUND'
[23-Feb-2022 07:53:31 UTC] PHP Warning:  PHP Startup: Unable to load dynamic library 'sqlite3' (tried: /usr/local/lib/php/extensions/no-debug-non-zts-20190902/sqlite3 (/usr/local/lib/php/extensions/no-debug-non-zts-20190902/sqlite3: cannot open shared object file: No such file or directory), /usr/local/lib/php/extensions/no-debug-non-zts-20190902/sqlite3.so (/usr/local/lib/php/extensions/no-debug-non-zts-20190902/sqlite3.so: cannot open shared object file: No such file or directory)) in Unknown on line 0
[23-Feb-2022 07:53:32 UTC] PHP Warning:  Module 'intl' already loaded in Unknown on line 0
[Wed Feb 23 07:53:47.482486 2022] [mpm_prefork:notice] [pid 660] AH00163: Apache/2.4.52 (Debian) PHP/7.4.27 OpenSSL/1.1.1k configured -- resuming normal operations
[Wed Feb 23 07:53:49.007762 2022] [core:notice] [pid 660] AH00094: Command line: '/usr/sbin/apache2 -D FOREGROUND'
[24-Feb-2022 08:04:39 UTC] PHP Warning:  PHP Startup: Unable to load dynamic library 'sqlite3' (tried: /usr/local/lib/php/extensions/no-debug-non-zts-20190902/sqlite3 (/usr/local/lib/php/extensions/no-debug-non-zts-20190902/sqlite3: cannot open shared object file: No such file or directory), /usr/local/lib/php/extensions/no-debug-non-zts-20190902/sqlite3.so (/usr/local/lib/php/extensions/no-debug-non-zts-20190902/sqlite3.so: cannot open shared object file: No such file or directory)) in Unknown on line 0
[24-Feb-2022 08:04:39 UTC] PHP Warning:  Module 'intl' already loaded in Unknown on line 0
[Thu Feb 24 08:04:40.307263 2022] [mpm_prefork:notice] [pid 661] AH00163: Apache/2.4.52 (Debian) PHP/7.4.27 OpenSSL/1.1.1k configured -- resuming normal operations
[Thu Feb 24 08:04:40.308239 2022] [core:notice] [pid 661] AH00094: Command line: '/usr/sbin/apache2 -D FOREGROUND'
[25-Feb-2022 10:08:02 UTC] PHP Warning:  PHP Startup: Unable to load dynamic library 'sqlite3' (tried: /usr/local/lib/php/extensions/no-debug-non-zts-20190902/sqlite3 (/usr/local/lib/php/extensions/no-debug-non-zts-20190902/sqlite3: cannot open shared object file: No such file or directory), /usr/local/lib/php/extensions/no-debug-non-zts-20190902/sqlite3.so (/usr/local/lib/php/extensions/no-debug-non-zts-20190902/sqlite3.so: cannot open shared object file: No such file or directory)) in Unknown on line 0
[25-Feb-2022 10:08:02 UTC] PHP Warning:  Module 'intl' already loaded in Unknown on line 0
[Fri Feb 25 10:08:04.071121 2022] [mpm_prefork:notice] [pid 662] AH00163: Apache/2.4.52 (Debian) PHP/7.4.27 OpenSSL/1.1.1k configured -- resuming normal operations
[Fri Feb 25 10:08:04.071940 2022] [core:notice] [pid 662] AH00094: Command line: '/usr/sbin/apache2 -D FOREGROUND'
[Fri Feb 25 11:22:06.444767 2022] [authz_core:error] [pid 674] [client 172.20.0.1:58580] AH01630: client denied by server configuration: /var/www/html/api-security-scout-ci4/writable/pdf
[Fri Feb 25 11:22:13.325143 2022] [authz_core:error] [pid 684] [client 172.20.0.1:58582] AH01630: client denied by server configuration: /var/www/html/api-security-scout-ci4/writable/pdf/l.maggio
[Fri Feb 25 11:22:42.971035 2022] [authz_core:error] [pid 672] [client 172.20.0.1:58586] AH01630: client denied by server configuration: /var/www/html/api-security-scout-ci4/writable/pdf/l.maggio/20210903095139_Sputnik.pdf
[28-Feb-2022 09:45:49 UTC] PHP Warning:  PHP Startup: Unable to load dynamic library 'sqlite3' (tried: /usr/local/lib/php/extensions/no-debug-non-zts-20190902/sqlite3 (/usr/local/lib/php/extensions/no-debug-non-zts-20190902/sqlite3: cannot open shared object file: No such file or directory), /usr/local/lib/php/extensions/no-debug-non-zts-20190902/sqlite3.so (/usr/local/lib/php/extensions/no-debug-non-zts-20190902/sqlite3.so: cannot open shared object file: No such file or directory)) in Unknown on line 0
[28-Feb-2022 09:45:49 UTC] PHP Warning:  Module 'intl' already loaded in Unknown on line 0
[Mon Feb 28 09:45:50.317854 2022] [mpm_prefork:notice] [pid 660] AH00163: Apache/2.4.52 (Debian) PHP/7.4.27 OpenSSL/1.1.1k configured -- resuming normal operations
[Mon Feb 28 09:45:50.319223 2022] [core:notice] [pid 660] AH00094: Command line: '/usr/sbin/apache2 -D FOREGROUND'
[28-Feb-2022 10:51:11 UTC] PHP Warning:  require(/var/www/html/api-security-scout-ci4/app/Config/../../vendor/codeigniter4/framework/system/bootstrap.php): failed to open stream: No such file or directory in /var/www/html/api-security-scout-ci4/index.php on line 28
[28-Feb-2022 10:51:11 UTC] PHP Warning:  require(/var/www/html/api-security-scout-ci4/app/Config/../../vendor/codeigniter4/framework/system/bootstrap.php): failed to open stream: No such file or directory in /var/www/html/api-security-scout-ci4/index.php on line 28
[28-Feb-2022 10:51:11 UTC] PHP Warning:  require(/var/www/html/api-security-scout-ci4/app/Config/../../vendor/codeigniter4/framework/system/bootstrap.php): failed to open stream: No such file or directory in /var/www/html/api-security-scout-ci4/index.php on line 28
[28-Feb-2022 10:51:11 UTC] PHP Warning:  require(/var/www/html/api-security-scout-ci4/app/Config/../../vendor/codeigniter4/framework/system/bootstrap.php): failed to open stream: No such file or directory in /var/www/html/api-security-scout-ci4/index.php on line 28
[28-Feb-2022 10:51:11 UTC] PHP Warning:  require(/var/www/html/api-security-scout-ci4/app/Config/../../vendor/codeigniter4/framework/system/bootstrap.php): failed to open stream: No such file or directory in /var/www/html/api-security-scout-ci4/index.php on line 28
[28-Feb-2022 10:51:11 UTC] PHP Fatal error:  require(): Failed opening required '/var/www/html/api-security-scout-ci4/app/Config/../../vendor/codeigniter4/framework/system/bootstrap.php' (include_path='.:/usr/local/lib/php') in /var/www/html/api-security-scout-ci4/index.php on line 28
[28-Feb-2022 10:51:11 UTC] PHP Fatal error:  require(): Failed opening required '/var/www/html/api-security-scout-ci4/app/Config/../../vendor/codeigniter4/framework/system/bootstrap.php' (include_path='.:/usr/local/lib/php') in /var/www/html/api-security-scout-ci4/index.php on line 28
[28-Feb-2022 10:51:11 UTC] PHP Fatal error:  require(): Failed opening required '/var/www/html/api-security-scout-ci4/app/Config/../../vendor/codeigniter4/framework/system/bootstrap.php' (include_path='.:/usr/local/lib/php') in /var/www/html/api-security-scout-ci4/index.php on line 28
[28-Feb-2022 10:51:11 UTC] PHP Fatal error:  require(): Failed opening required '/var/www/html/api-security-scout-ci4/app/Config/../../vendor/codeigniter4/framework/system/bootstrap.php' (include_path='.:/usr/local/lib/php') in /var/www/html/api-security-scout-ci4/index.php on line 28
[28-Feb-2022 10:51:11 UTC] PHP Fatal error:  require(): Failed opening required '/var/www/html/api-security-scout-ci4/app/Config/../../vendor/codeigniter4/framework/system/bootstrap.php' (include_path='.:/usr/local/lib/php') in /var/www/html/api-security-scout-ci4/index.php on line 28
[28-Feb-2022 10:53:14 UTC] PHP Warning:  require(/var/www/html/api-security-scout-ci4/app/Config/../../vendor/codeigniter4/framework/system/bootstrap.php): failed to open stream: No such file or directory in /var/www/html/api-security-scout-ci4/index.php on line 28
[28-Feb-2022 10:53:14 UTC] PHP Fatal error:  require(): Failed opening required '/var/www/html/api-security-scout-ci4/app/Config/../../vendor/codeigniter4/framework/system/bootstrap.php' (include_path='.:/usr/local/lib/php') in /var/www/html/api-security-scout-ci4/index.php on line 28
[28-Feb-2022 10:54:52 UTC] PHP Warning:  require(/var/www/html/api-security-scout-ci4/app/Config/../../vendor/codeigniter4/framework/system/bootstrap.php): failed to open stream: No such file or directory in /var/www/html/api-security-scout-ci4/index.php on line 28
[28-Feb-2022 10:54:52 UTC] PHP Fatal error:  require(): Failed opening required '/var/www/html/api-security-scout-ci4/app/Config/../../vendor/codeigniter4/framework/system/bootstrap.php' (include_path='.:/usr/local/lib/php') in /var/www/html/api-security-scout-ci4/index.php on line 28
[28-Feb-2022 10:54:54 UTC] PHP Warning:  require(/var/www/html/api-security-scout-ci4/app/Config/../../vendor/codeigniter4/framework/system/bootstrap.php): failed to open stream: No such file or directory in /var/www/html/api-security-scout-ci4/index.php on line 28
[28-Feb-2022 10:54:54 UTC] PHP Fatal error:  require(): Failed opening required '/var/www/html/api-security-scout-ci4/app/Config/../../vendor/codeigniter4/framework/system/bootstrap.php' (include_path='.:/usr/local/lib/php') in /var/www/html/api-security-scout-ci4/index.php on line 28
[28-Feb-2022 10:55:52 UTC] PHP Warning:  PHP Startup: Unable to load dynamic library 'sqlite3' (tried: /usr/local/lib/php/extensions/no-debug-non-zts-20190902/sqlite3 (/usr/local/lib/php/extensions/no-debug-non-zts-20190902/sqlite3: cannot open shared object file: No such file or directory), /usr/local/lib/php/extensions/no-debug-non-zts-20190902/sqlite3.so (/usr/local/lib/php/extensions/no-debug-non-zts-20190902/sqlite3.so: cannot open shared object file: No such file or directory)) in Unknown on line 0
[28-Feb-2022 10:55:52 UTC] PHP Warning:  Module 'intl' already loaded in Unknown on line 0
[Mon Feb 28 10:55:52.618904 2022] [mpm_prefork:notice] [pid 657] AH00163: Apache/2.4.52 (Debian) PHP/7.4.27 OpenSSL/1.1.1k configured -- resuming normal operations
[Mon Feb 28 10:55:52.751167 2022] [core:notice] [pid 657] AH00094: Command line: '/usr/sbin/apache2 -D FOREGROUND'
[28-Feb-2022 10:59:30 UTC] PHP Warning:  require(/var/www/html/api-security-scout-ci4/app/Config/../../vendor/codeigniter4/framework/system/bootstrap.php): failed to open stream: No such file or directory in /var/www/html/api-security-scout-ci4/index.php on line 28
[28-Feb-2022 10:59:30 UTC] PHP Fatal error:  require(): Failed opening required '/var/www/html/api-security-scout-ci4/app/Config/../../vendor/codeigniter4/framework/system/bootstrap.php' (include_path='.:/usr/local/lib/php') in /var/www/html/api-security-scout-ci4/index.php on line 28
[28-Feb-2022 10:59:37 UTC] PHP Warning:  require(/var/www/html/api-security-scout-ci4/app/Config/../../vendor/codeigniter4/framework/system/bootstrap.php): failed to open stream: No such file or directory in /var/www/html/api-security-scout-ci4/index.php on line 28
[28-Feb-2022 10:59:37 UTC] PHP Fatal error:  require(): Failed opening required '/var/www/html/api-security-scout-ci4/app/Config/../../vendor/codeigniter4/framework/system/bootstrap.php' (include_path='.:/usr/local/lib/php') in /var/www/html/api-security-scout-ci4/index.php on line 28
[28-Feb-2022 11:03:54 UTC] PHP Warning:  require(/var/www/html/api-security-scout-ci4/app/Config/../../vendor/codeigniter4/framework/system/bootstrap.php): failed to open stream: No such file or directory in /var/www/html/api-security-scout-ci4/index.php on line 28
[28-Feb-2022 11:03:54 UTC] PHP Fatal error:  require(): Failed opening required '/var/www/html/api-security-scout-ci4/app/Config/../../vendor/codeigniter4/framework/system/bootstrap.php' (include_path='.:/usr/local/lib/php') in /var/www/html/api-security-scout-ci4/index.php on line 28
[28-Feb-2022 12:15:42 UTC] PHP Warning:  PHP Startup: Unable to load dynamic library 'sqlite3' (tried: /usr/local/lib/php/extensions/no-debug-non-zts-20190902/sqlite3 (/usr/local/lib/php/extensions/no-debug-non-zts-20190902/sqlite3: cannot open shared object file: No such file or directory), /usr/local/lib/php/extensions/no-debug-non-zts-20190902/sqlite3.so (/usr/local/lib/php/extensions/no-debug-non-zts-20190902/sqlite3.so: cannot open shared object file: No such file or directory)) in Unknown on line 0
[28-Feb-2022 12:15:42 UTC] PHP Warning:  Module 'intl' already loaded in Unknown on line 0
[Mon Feb 28 12:15:42.178294 2022] [mpm_prefork:notice] [pid 657] AH00163: Apache/2.4.52 (Debian) PHP/7.4.28 OpenSSL/1.1.1k configured -- resuming normal operations
[Mon Feb 28 12:15:42.179174 2022] [core:notice] [pid 657] AH00094: Command line: '/usr/sbin/apache2 -D FOREGROUND'
[28-Feb-2022 14:36:12 Europe/Berlin] PHP Fatal error:  Uncaught CodeIgniter\Format\Exceptions\FormatException: Failed to parse json string, error: "Malformed UTF-8 characters, possibly incorrectly encoded". in /var/www/html/api-security-scout-ci4/vendor/codeigniter4/framework/system/Format/JSONFormatter.php:41
Stack trace:
#0 /var/www/html/api-security-scout-ci4/vendor/codeigniter4/framework/system/Format/JSONFormatter.php(41): CodeIgniter\Format\Exceptions\FormatException::forInvalidJSON('Malformed UTF-8...')
#1 /var/www/html/api-security-scout-ci4/vendor/codeigniter4/framework/system/API/ResponseTrait.php(341): CodeIgniter\Format\JSONFormatter->format(Array)
#2 /var/www/html/api-security-scout-ci4/vendor/codeigniter4/framework/system/API/ResponseTrait.php(99): CodeIgniter\Debug\Exceptions->format(Array)
#3 /var/www/html/api-security-scout-ci4/vendor/codeigniter4/framework/system/Debug/Exceptions.php(115): CodeIgniter\Debug\Exceptions->respond(Array, 500)
#4 [internal function]: CodeIgniter\Debug\Exceptions->exceptionHandler(Object(ErrorException))
#5 {main}
  t in /var/www/html/api-security-scout-ci4/vendor/codeigniter4/framework/system/Format/JSONFormatter.php on line 41
[28-Feb-2022 14:46:14 Europe/Berlin] PHP Fatal error:  Uncaught CodeIgniter\Format\Exceptions\FormatException: Failed to parse json string, error: "Malformed UTF-8 characters, possibly incorrectly encoded". in /var/www/html/api-security-scout-ci4/vendor/codeigniter4/framework/system/Format/JSONFormatter.php:41
Stack trace:
#0 /var/www/html/api-security-scout-ci4/vendor/codeigniter4/framework/system/Format/JSONFormatter.php(41): CodeIgniter\Format\Exceptions\FormatException::forInvalidJSON('Malformed UTF-8...')
#1 /var/www/html/api-security-scout-ci4/vendor/codeigniter4/framework/system/API/ResponseTrait.php(341): CodeIgniter\Format\JSONFormatter->format(Array)
#2 /var/www/html/api-security-scout-ci4/vendor/codeigniter4/framework/system/API/ResponseTrait.php(99): CodeIgniter\Debug\Exceptions->format(Array)
#3 /var/www/html/api-security-scout-ci4/vendor/codeigniter4/framework/system/Debug/Exceptions.php(115): CodeIgniter\Debug\Exceptions->respond(Array, 500)
#4 [internal function]: CodeIgniter\Debug\Exceptions->exceptionHandler(Object(ErrorException))
#5 {main}
  t in /var/www/html/api-security-scout-ci4/vendor/codeigniter4/framework/system/Format/JSONFormatter.php on line 41
[28-Feb-2022 14:48:31 Europe/Berlin] PHP Fatal error:  Uncaught CodeIgniter\Format\Exceptions\FormatException: Failed to parse json string, error: "Malformed UTF-8 characters, possibly incorrectly encoded". in /var/www/html/api-security-scout-ci4/vendor/codeigniter4/framework/system/Format/JSONFormatter.php:41
Stack trace:
#0 /var/www/html/api-security-scout-ci4/vendor/codeigniter4/framework/system/Format/JSONFormatter.php(41): CodeIgniter\Format\Exceptions\FormatException::forInvalidJSON('Malformed UTF-8...')
#1 /var/www/html/api-security-scout-ci4/vendor/codeigniter4/framework/system/API/ResponseTrait.php(341): CodeIgniter\Format\JSONFormatter->format(Array)
#2 /var/www/html/api-security-scout-ci4/vendor/codeigniter4/framework/system/API/ResponseTrait.php(99): CodeIgniter\Debug\Exceptions->format(Array)
#3 /var/www/html/api-security-scout-ci4/vendor/codeigniter4/framework/system/Debug/Exceptions.php(115): CodeIgniter\Debug\Exceptions->respond(Array, 500)
#4 [internal function]: CodeIgniter\Debug\Exceptions->exceptionHandler(Object(ErrorException))
#5 {main}
  t in /var/www/html/api-security-scout-ci4/vendor/codeigniter4/framework/system/Format/JSONFormatter.php on line 41
[28-Feb-2022 15:46:36 Europe/Berlin] PHP Fatal error:  Cannot redeclare App\Controllers\Api::create_email() in /var/www/html/api-security-scout-ci4/app/Controllers/Api.php on line 1396
[28-Feb-2022 15:46:36 Europe/Berlin] PHP Fatal error:  Cannot redeclare App\Controllers\Api::create_email() in /var/www/html/api-security-scout-ci4/app/Controllers/Api.php on line 1396
[28-Feb-2022 15:46:36 Europe/Berlin] PHP Fatal error:  Cannot redeclare App\Controllers\Api::create_email() in /var/www/html/api-security-scout-ci4/app/Controllers/Api.php on line 1396
[28-Feb-2022 15:46:36 Europe/Berlin] PHP Fatal error:  Cannot redeclare App\Controllers\Api::create_email() in /var/www/html/api-security-scout-ci4/app/Controllers/Api.php on line 1396
[28-Feb-2022 15:46:44 Europe/Berlin] PHP Fatal error:  Cannot redeclare App\Controllers\Api::create_email() in /var/www/html/api-security-scout-ci4/app/Controllers/Api.php on line 1396
[28-Feb-2022 15:46:44 Europe/Berlin] PHP Fatal error:  Cannot redeclare App\Controllers\Api::create_email() in /var/www/html/api-security-scout-ci4/app/Controllers/Api.php on line 1396
[28-Feb-2022 15:46:44 Europe/Berlin] PHP Fatal error:  Cannot redeclare App\Controllers\Api::create_email() in /var/www/html/api-security-scout-ci4/app/Controllers/Api.php on line 1396
[28-Feb-2022 15:46:45 Europe/Berlin] PHP Fatal error:  Cannot redeclare App\Controllers\Api::create_email() in /var/www/html/api-security-scout-ci4/app/Controllers/Api.php on line 1396
[28-Feb-2022 17:02:07 UTC] PHP Warning:  PHP Startup: Unable to load dynamic library 'sqlite3' (tried: /usr/local/lib/php/extensions/no-debug-non-zts-20190902/sqlite3 (/usr/local/lib/php/extensions/no-debug-non-zts-20190902/sqlite3: cannot open shared object file: No such file or directory), /usr/local/lib/php/extensions/no-debug-non-zts-20190902/sqlite3.so (/usr/local/lib/php/extensions/no-debug-non-zts-20190902/sqlite3.so: cannot open shared object file: No such file or directory)) in Unknown on line 0
[28-Feb-2022 17:02:07 UTC] PHP Warning:  Module 'intl' already loaded in Unknown on line 0
[Mon Feb 28 17:02:08.004433 2022] [mpm_prefork:notice] [pid 658] AH00163: Apache/2.4.52 (Debian) PHP/7.4.28 OpenSSL/1.1.1k configured -- resuming normal operations
[Mon Feb 28 17:02:08.225143 2022] [core:notice] [pid 658] AH00094: Command line: '/usr/sbin/apache2 -D FOREGROUND'
[02-Mar-2022 09:32:49 UTC] PHP Warning:  PHP Startup: Unable to load dynamic library 'sqlite3' (tried: /usr/local/lib/php/extensions/no-debug-non-zts-20190902/sqlite3 (/usr/local/lib/php/extensions/no-debug-non-zts-20190902/sqlite3: cannot open shared object file: No such file or directory), /usr/local/lib/php/extensions/no-debug-non-zts-20190902/sqlite3.so (/usr/local/lib/php/extensions/no-debug-non-zts-20190902/sqlite3.so: cannot open shared object file: No such file or directory)) in Unknown on line 0
[02-Mar-2022 09:32:49 UTC] PHP Warning:  Module 'intl' already loaded in Unknown on line 0
[Wed Mar 02 09:32:50.011754 2022] [mpm_prefork:notice] [pid 658] AH00163: Apache/2.4.52 (Debian) PHP/7.4.28 OpenSSL/1.1.1k configured -- resuming normal operations
[Wed Mar 02 09:32:50.013033 2022] [core:notice] [pid 658] AH00094: Command line: '/usr/sbin/apache2 -D FOREGROUND'
[27-Mar-2022 13:02:09 UTC] PHP Warning:  PHP Startup: Unable to load dynamic library 'sqlite3' (tried: /usr/local/lib/php/extensions/no-debug-non-zts-20190902/sqlite3 (/usr/local/lib/php/extensions/no-debug-non-zts-20190902/sqlite3: cannot open shared object file: No such file or directory), /usr/local/lib/php/extensions/no-debug-non-zts-20190902/sqlite3.so (/usr/local/lib/php/extensions/no-debug-non-zts-20190902/sqlite3.so: cannot open shared object file: No such file or directory)) in Unknown on line 0
[27-Mar-2022 13:02:09 UTC] PHP Warning:  Module 'intl' already loaded in Unknown on line 0
[Sun Mar 27 13:02:09.720059 2022] [mpm_prefork:notice] [pid 658] AH00163: Apache/2.4.52 (Debian) PHP/7.4.28 OpenSSL/1.1.1k configured -- resuming normal operations
[Sun Mar 27 13:02:09.720130 2022] [core:notice] [pid 658] AH00094: Command line: '/usr/sbin/apache2 -D FOREGROUND'
[27-Mar-2022 13:05:09 UTC] PHP Warning:  PHP Startup: Unable to load dynamic library 'sqlite3' (tried: /usr/local/lib/php/extensions/no-debug-non-zts-20190902/sqlite3 (/usr/local/lib/php/extensions/no-debug-non-zts-20190902/sqlite3: cannot open shared object file: No such file or directory), /usr/local/lib/php/extensions/no-debug-non-zts-20190902/sqlite3.so (/usr/local/lib/php/extensions/no-debug-non-zts-20190902/sqlite3.so: cannot open shared object file: No such file or directory)) in Unknown on line 0
[27-Mar-2022 13:05:09 UTC] PHP Warning:  Module 'intl' already loaded in Unknown on line 0
[Sun Mar 27 13:05:09.603696 2022] [mpm_prefork:notice] [pid 1] AH00163: Apache/2.4.52 (Debian) PHP/7.4.28 OpenSSL/1.1.1k configured -- resuming normal operations
[Sun Mar 27 13:05:09.603792 2022] [core:notice] [pid 1] AH00094: Command line: 'apache2 -D FOREGROUND'
[Sun Mar 27 13:05:42.664294 2022] [mpm_prefork:notice] [pid 1] AH00170: caught SIGWINCH, shutting down gracefully
[27-Mar-2022 13:11:22 UTC] PHP Warning:  PHP Startup: Unable to load dynamic library 'sqlite3' (tried: /usr/local/lib/php/extensions/no-debug-non-zts-20190902/sqlite3 (/usr/local/lib/php/extensions/no-debug-non-zts-20190902/sqlite3: cannot open shared object file: No such file or directory), /usr/local/lib/php/extensions/no-debug-non-zts-20190902/sqlite3.so (/usr/local/lib/php/extensions/no-debug-non-zts-20190902/sqlite3.so: cannot open shared object file: No such file or directory)) in Unknown on line 0
[27-Mar-2022 13:11:22 UTC] PHP Warning:  Module 'intl' already loaded in Unknown on line 0
[Sun Mar 27 13:11:22.870680 2022] [mpm_prefork:notice] [pid 1] AH00163: Apache/2.4.52 (Debian) PHP/7.4.28 OpenSSL/1.1.1k configured -- resuming normal operations
[Sun Mar 27 13:11:22.870854 2022] [core:notice] [pid 1] AH00094: Command line: 'apache2 -D FOREGROUND'
[Sun Mar 27 13:13:15.838009 2022] [mpm_prefork:notice] [pid 1] AH00170: caught SIGWINCH, shutting down gracefully
[27-Mar-2022 13:13:21 UTC] PHP Warning:  PHP Startup: Unable to load dynamic library 'sqlite3' (tried: /usr/local/lib/php/extensions/no-debug-non-zts-20190902/sqlite3 (/usr/local/lib/php/extensions/no-debug-non-zts-20190902/sqlite3: cannot open shared object file: No such file or directory), /usr/local/lib/php/extensions/no-debug-non-zts-20190902/sqlite3.so (/usr/local/lib/php/extensions/no-debug-non-zts-20190902/sqlite3.so: cannot open shared object file: No such file or directory)) in Unknown on line 0
[27-Mar-2022 13:13:21 UTC] PHP Warning:  Module 'intl' already loaded in Unknown on line 0
[Sun Mar 27 13:13:21.940302 2022] [mpm_prefork:notice] [pid 1] AH00163: Apache/2.4.52 (Debian) PHP/7.4.28 OpenSSL/1.1.1k configured -- resuming normal operations
[Sun Mar 27 13:13:21.940376 2022] [core:notice] [pid 1] AH00094: Command line: 'apache2 -D FOREGROUND'
[Sun Mar 27 13:13:29.115025 2022] [mpm_prefork:notice] [pid 1] AH00170: caught SIGWINCH, shutting down gracefully
[27-Mar-2022 13:13:35 UTC] PHP Warning:  PHP Startup: Unable to load dynamic library 'sqlite3' (tried: /usr/local/lib/php/extensions/no-debug-non-zts-20190902/sqlite3 (/usr/local/lib/php/extensions/no-debug-non-zts-20190902/sqlite3: cannot open shared object file: No such file or directory), /usr/local/lib/php/extensions/no-debug-non-zts-20190902/sqlite3.so (/usr/local/lib/php/extensions/no-debug-non-zts-20190902/sqlite3.so: cannot open shared object file: No such file or directory)) in Unknown on line 0
[27-Mar-2022 13:13:35 UTC] PHP Warning:  Module 'intl' already loaded in Unknown on line 0
[Sun Mar 27 13:13:35.962128 2022] [mpm_prefork:notice] [pid 1] AH00163: Apache/2.4.52 (Debian) PHP/7.4.28 OpenSSL/1.1.1k configured -- resuming normal operations
[Sun Mar 27 13:13:35.962197 2022] [core:notice] [pid 1] AH00094: Command line: 'apache2 -D FOREGROUND'
[Sun Mar 27 13:13:46.553558 2022] [mpm_prefork:notice] [pid 1] AH00170: caught SIGWINCH, shutting down gracefully
[27-Mar-2022 13:14:45 UTC] PHP Warning:  PHP Startup: Unable to load dynamic library 'sqlite3' (tried: /usr/local/lib/php/extensions/no-debug-non-zts-20190902/sqlite3 (/usr/local/lib/php/extensions/no-debug-non-zts-20190902/sqlite3: cannot open shared object file: No such file or directory), /usr/local/lib/php/extensions/no-debug-non-zts-20190902/sqlite3.so (/usr/local/lib/php/extensions/no-debug-non-zts-20190902/sqlite3.so: cannot open shared object file: No such file or directory)) in Unknown on line 0
[27-Mar-2022 13:14:45 UTC] PHP Warning:  Module 'intl' already loaded in Unknown on line 0
[Sun Mar 27 13:14:45.517794 2022] [mpm_prefork:notice] [pid 1] AH00163: Apache/2.4.52 (Debian) PHP/7.4.28 OpenSSL/1.1.1k configured -- resuming normal operations
[Sun Mar 27 13:14:45.517865 2022] [core:notice] [pid 1] AH00094: Command line: 'apache2 -D FOREGROUND'
[Sun Mar 27 13:14:59.420170 2022] [mpm_prefork:notice] [pid 1] AH00170: caught SIGWINCH, shutting down gracefully
[27-Mar-2022 13:15:15 UTC] PHP Warning:  PHP Startup: Unable to load dynamic library 'sqlite3' (tried: /usr/local/lib/php/extensions/no-debug-non-zts-20190902/sqlite3 (/usr/local/lib/php/extensions/no-debug-non-zts-20190902/sqlite3: cannot open shared object file: No such file or directory), /usr/local/lib/php/extensions/no-debug-non-zts-20190902/sqlite3.so (/usr/local/lib/php/extensions/no-debug-non-zts-20190902/sqlite3.so: cannot open shared object file: No such file or directory)) in Unknown on line 0
[27-Mar-2022 13:15:15 UTC] PHP Warning:  Module 'intl' already loaded in Unknown on line 0
[Sun Mar 27 13:15:15.135041 2022] [mpm_prefork:notice] [pid 1] AH00163: Apache/2.4.52 (Debian) PHP/7.4.28 OpenSSL/1.1.1k configured -- resuming normal operations
[Sun Mar 27 13:15:15.135119 2022] [core:notice] [pid 1] AH00094: Command line: 'apache2 -D FOREGROUND'
[Sun Mar 27 13:15:17.206868 2022] [mpm_prefork:notice] [pid 1] AH00170: caught SIGWINCH, shutting down gracefully
[27-Mar-2022 13:16:29 UTC] PHP Warning:  PHP Startup: Unable to load dynamic library 'sqlite3' (tried: /usr/local/lib/php/extensions/no-debug-non-zts-20190902/sqlite3 (/usr/local/lib/php/extensions/no-debug-non-zts-20190902/sqlite3: cannot open shared object file: No such file or directory), /usr/local/lib/php/extensions/no-debug-non-zts-20190902/sqlite3.so (/usr/local/lib/php/extensions/no-debug-non-zts-20190902/sqlite3.so: cannot open shared object file: No such file or directory)) in Unknown on line 0
[27-Mar-2022 13:16:29 UTC] PHP Warning:  Module 'intl' already loaded in Unknown on line 0
[Sun Mar 27 13:16:29.616519 2022] [mpm_prefork:notice] [pid 1] AH00163: Apache/2.4.52 (Debian) PHP/7.4.28 OpenSSL/1.1.1k configured -- resuming normal operations
[Sun Mar 27 13:16:29.616608 2022] [core:notice] [pid 1] AH00094: Command line: 'apache2 -D FOREGROUND'
[Sun Mar 27 13:16:30.921376 2022] [mpm_prefork:notice] [pid 1] AH00170: caught SIGWINCH, shutting down gracefully
[27-Mar-2022 13:17:09 UTC] PHP Warning:  PHP Startup: Unable to load dynamic library 'sqlite3' (tried: /usr/local/lib/php/extensions/no-debug-non-zts-20190902/sqlite3 (/usr/local/lib/php/extensions/no-debug-non-zts-20190902/sqlite3: cannot open shared object file: No such file or directory), /usr/local/lib/php/extensions/no-debug-non-zts-20190902/sqlite3.so (/usr/local/lib/php/extensions/no-debug-non-zts-20190902/sqlite3.so: cannot open shared object file: No such file or directory)) in Unknown on line 0
[27-Mar-2022 13:17:09 UTC] PHP Warning:  Module 'intl' already loaded in Unknown on line 0
[Sun Mar 27 13:17:09.472243 2022] [mpm_prefork:notice] [pid 1] AH00163: Apache/2.4.52 (Debian) PHP/7.4.28 OpenSSL/1.1.1k configured -- resuming normal operations
[Sun Mar 27 13:17:09.472327 2022] [core:notice] [pid 1] AH00094: Command line: 'apache2 -D FOREGROUND'
[Sun Mar 27 13:17:11.418124 2022] [mpm_prefork:notice] [pid 1] AH00170: caught SIGWINCH, shutting down gracefully
[27-Mar-2022 13:18:28 UTC] PHP Warning:  PHP Startup: Unable to load dynamic library 'sqlite3' (tried: /usr/local/lib/php/extensions/no-debug-non-zts-20190902/sqlite3 (/usr/local/lib/php/extensions/no-debug-non-zts-20190902/sqlite3: cannot open shared object file: No such file or directory), /usr/local/lib/php/extensions/no-debug-non-zts-20190902/sqlite3.so (/usr/local/lib/php/extensions/no-debug-non-zts-20190902/sqlite3.so: cannot open shared object file: No such file or directory)) in Unknown on line 0
[27-Mar-2022 13:18:28 UTC] PHP Warning:  Module 'intl' already loaded in Unknown on line 0
[Sun Mar 27 13:18:28.081838 2022] [mpm_prefork:notice] [pid 1] AH00163: Apache/2.4.52 (Debian) PHP/7.4.28 OpenSSL/1.1.1k configured -- resuming normal operations
[Sun Mar 27 13:18:28.081893 2022] [core:notice] [pid 1] AH00094: Command line: 'apache2 -D FOREGROUND'
[Sun Mar 27 13:41:46.198162 2022] [php7:error] [pid 18] [client 172.24.0.1:44854] script '/var/www/html/codeigniter4/index.php' not found or unable to stat
[Sun Mar 27 13:42:02.955014 2022] [autoindex:error] [pid 19] [client 172.24.0.1:44856] AH01276: Cannot serve directory /var/www/html/codeigniter4/: No matching DirectoryIndex (index.php,index.html) found, and server-generated directory index forbidden by Options directive
[Sun Mar 27 13:43:09.234389 2022] [php7:error] [pid 21] [client 172.24.0.1:44864] script '/var/www/html/codeigniter4/index.php' not found or unable to stat
[Sun Mar 27 13:43:18.049130 2022] [php7:warn] [pid 22] [client 172.24.0.1:44862] PHP Warning:  require(/var/www/html/codeigniter4/app/Config/../../vendor/codeigniter4/framework/system/bootstrap.php): failed to open stream: No such file or directory in /var/www/html/codeigniter4/public/index.php on line 28
[Sun Mar 27 13:43:18.049205 2022] [php7:error] [pid 22] [client 172.24.0.1:44862] PHP Fatal error:  require(): Failed opening required '/var/www/html/codeigniter4/app/Config/../../vendor/codeigniter4/framework/system/bootstrap.php' (include_path='.:/usr/local/lib/php') in /var/www/html/codeigniter4/public/index.php on line 28
[Sun Mar 27 13:43:32.391173 2022] [php7:warn] [pid 23] [client 172.24.0.1:44866] PHP Warning:  require(/var/www/html/codeigniter4/app/Config/../../vendor/codeigniter4/framework/system/bootstrap.php): failed to open stream: No such file or directory in /var/www/html/codeigniter4/public/index.php on line 28
[Sun Mar 27 13:43:32.391239 2022] [php7:error] [pid 23] [client 172.24.0.1:44866] PHP Fatal error:  require(): Failed opening required '/var/www/html/codeigniter4/app/Config/../../vendor/codeigniter4/framework/system/bootstrap.php' (include_path='.:/usr/local/lib/php') in /var/www/html/codeigniter4/public/index.php on line 28
[Sun Mar 27 13:45:11.477848 2022] [php7:warn] [pid 19] [client 172.24.0.1:44874] PHP Warning:  require(/var/www/html/codeigniter4/app/Config/../../vendor/codeigniter4/framework/system/bootstrap.php): failed to open stream: No such file or directory in /var/www/html/codeigniter4/public/index.php on line 28
[Sun Mar 27 13:45:11.477928 2022] [php7:error] [pid 19] [client 172.24.0.1:44874] PHP Fatal error:  require(): Failed opening required '/var/www/html/codeigniter4/app/Config/../../vendor/codeigniter4/framework/system/bootstrap.php' (include_path='.:/usr/local/lib/php') in /var/www/html/codeigniter4/public/index.php on line 28
[Sun Mar 27 13:45:12.294398 2022] [php7:warn] [pid 19] [client 172.24.0.1:44874] PHP Warning:  require(/var/www/html/codeigniter4/app/Config/../../vendor/codeigniter4/framework/system/bootstrap.php): failed to open stream: No such file or directory in /var/www/html/codeigniter4/public/index.php on line 28
[Sun Mar 27 13:45:12.294446 2022] [php7:error] [pid 19] [client 172.24.0.1:44874] PHP Fatal error:  require(): Failed opening required '/var/www/html/codeigniter4/app/Config/../../vendor/codeigniter4/framework/system/bootstrap.php' (include_path='.:/usr/local/lib/php') in /var/www/html/codeigniter4/public/index.php on line 28
[Sun Mar 27 13:45:15.225419 2022] [php7:warn] [pid 19] [client 172.24.0.1:44874] PHP Warning:  require(/var/www/html/codeigniter4/app/Config/../../vendor/codeigniter4/framework/system/bootstrap.php): failed to open stream: No such file or directory in /var/www/html/codeigniter4/public/index.php on line 28
[Sun Mar 27 13:45:15.225463 2022] [php7:error] [pid 19] [client 172.24.0.1:44874] PHP Fatal error:  require(): Failed opening required '/var/www/html/codeigniter4/app/Config/../../vendor/codeigniter4/framework/system/bootstrap.php' (include_path='.:/usr/local/lib/php') in /var/www/html/codeigniter4/public/index.php on line 28
[Sun Mar 27 13:48:14.445638 2022] [php7:warn] [pid 21] [client 172.24.0.1:44876] PHP Warning:  require(/var/www/html/codeigniter4/app/Config/../../vendor/codeigniter4/framework/system/bootstrap.php): failed to open stream: No such file or directory in /var/www/html/codeigniter4/public/index.php on line 28
[Sun Mar 27 13:48:14.445714 2022] [php7:error] [pid 21] [client 172.24.0.1:44876] PHP Fatal error:  require(): Failed opening required '/var/www/html/codeigniter4/app/Config/../../vendor/codeigniter4/framework/system/bootstrap.php' (include_path='.:/usr/local/lib/php') in /var/www/html/codeigniter4/public/index.php on line 28
[Sun Mar 27 13:48:17.019573 2022] [php7:warn] [pid 21] [client 172.24.0.1:44876] PHP Warning:  require(/var/www/html/codeigniter4/app/Config/../../vendor/codeigniter4/framework/system/bootstrap.php): failed to open stream: No such file or directory in /var/www/html/codeigniter4/public/index.php on line 28
[Sun Mar 27 13:48:17.019631 2022] [php7:error] [pid 21] [client 172.24.0.1:44876] PHP Fatal error:  require(): Failed opening required '/var/www/html/codeigniter4/app/Config/../../vendor/codeigniter4/framework/system/bootstrap.php' (include_path='.:/usr/local/lib/php') in /var/www/html/codeigniter4/public/index.php on line 28
[Sun Mar 27 13:49:02.775678 2022] [php7:warn] [pid 22] [client 172.24.0.1:44878] PHP Warning:  require(/var/www/html/codeigniter4/app/Config/../../vendor/codeigniter4/framework/system/bootstrap.php): failed to open stream: No such file or directory in /var/www/html/codeigniter4/public/index.php on line 28
[Sun Mar 27 13:49:02.775745 2022] [php7:error] [pid 22] [client 172.24.0.1:44878] PHP Fatal error:  require(): Failed opening required '/var/www/html/codeigniter4/app/Config/../../vendor/codeigniter4/framework/system/bootstrap.php' (include_path='.:/usr/local/lib/php') in /var/www/html/codeigniter4/public/index.php on line 28
[Sun Mar 27 13:49:04.281620 2022] [php7:warn] [pid 22] [client 172.24.0.1:44878] PHP Warning:  require(/var/www/html/codeigniter4/app/Config/../../vendor/codeigniter4/framework/system/bootstrap.php): failed to open stream: No such file or directory in /var/www/html/codeigniter4/public/index.php on line 28
[Sun Mar 27 13:49:04.281711 2022] [php7:error] [pid 22] [client 172.24.0.1:44878] PHP Fatal error:  require(): Failed opening required '/var/www/html/codeigniter4/app/Config/../../vendor/codeigniter4/framework/system/bootstrap.php' (include_path='.:/usr/local/lib/php') in /var/www/html/codeigniter4/public/index.php on line 28
[Sun Mar 27 13:49:08.072793 2022] [php7:warn] [pid 22] [client 172.24.0.1:44878] PHP Warning:  require(/var/www/html/codeigniter4/app/Config/../../vendor/codeigniter4/framework/system/bootstrap.php): failed to open stream: No such file or directory in /var/www/html/codeigniter4/public/index.php on line 28
[Sun Mar 27 13:49:08.072836 2022] [php7:error] [pid 22] [client 172.24.0.1:44878] PHP Fatal error:  require(): Failed opening required '/var/www/html/codeigniter4/app/Config/../../vendor/codeigniter4/framework/system/bootstrap.php' (include_path='.:/usr/local/lib/php') in /var/www/html/codeigniter4/public/index.php on line 28
[Sun Mar 27 13:49:11.718592 2022] [php7:error] [pid 22] [client 172.24.0.1:44878] script '/var/www/html/codeigniter4/index.php' not found or unable to stat
[Sun Mar 27 13:49:16.755722 2022] [autoindex:error] [pid 23] [client 172.24.0.1:44880] AH01276: Cannot serve directory /var/www/html/codeigniter4/: No matching DirectoryIndex (index.php,index.html) found, and server-generated directory index forbidden by Options directive
[Sun Mar 27 13:49:43.571664 2022] [autoindex:error] [pid 18] [client 172.24.0.1:44882] AH01276: Cannot serve directory /var/www/html/codeigniter4/: No matching DirectoryIndex (index.php,index.html) found, and server-generated directory index forbidden by Options directive
[Sun Mar 27 13:49:50.789157 2022] [php7:warn] [pid 19] [client 172.24.0.1:44884] PHP Warning:  require(/var/www/html/codeigniter4/app/Config/../../vendor/codeigniter4/framework/system/bootstrap.php): failed to open stream: No such file or directory in /var/www/html/codeigniter4/public/index.php on line 28
[Sun Mar 27 13:49:50.789223 2022] [php7:error] [pid 19] [client 172.24.0.1:44884] PHP Fatal error:  require(): Failed opening required '/var/www/html/codeigniter4/app/Config/../../vendor/codeigniter4/framework/system/bootstrap.php' (include_path='.:/usr/local/lib/php') in /var/www/html/codeigniter4/public/index.php on line 28
[Sun Mar 27 13:55:04.953594 2022] [mpm_prefork:notice] [pid 1] AH00170: caught SIGWINCH, shutting down gracefully
[27-Mar-2022 13:56:16 UTC] PHP Warning:  PHP Startup: Unable to load dynamic library 'sqlite3' (tried: /usr/local/lib/php/extensions/no-debug-non-zts-20190902/sqlite3 (/usr/local/lib/php/extensions/no-debug-non-zts-20190902/sqlite3: cannot open shared object file: No such file or directory), /usr/local/lib/php/extensions/no-debug-non-zts-20190902/sqlite3.so (/usr/local/lib/php/extensions/no-debug-non-zts-20190902/sqlite3.so: cannot open shared object file: No such file or directory)) in Unknown on line 0
[27-Mar-2022 13:56:16 UTC] PHP Warning:  Module 'intl' already loaded in Unknown on line 0
[Sun Mar 27 13:56:16.101277 2022] [mpm_prefork:notice] [pid 1] AH00163: Apache/2.4.52 (Debian) PHP/7.4.28 OpenSSL/1.1.1k configured -- resuming normal operations
[Sun Mar 27 13:56:16.101377 2022] [core:notice] [pid 1] AH00094: Command line: 'apache2 -D FOREGROUND'
[Sun Mar 27 13:56:26.724119 2022] [mpm_prefork:notice] [pid 1] AH00170: caught SIGWINCH, shutting down gracefully
[27-Mar-2022 13:56:38 UTC] PHP Warning:  PHP Startup: Unable to load dynamic library 'sqlite3' (tried: /usr/local/lib/php/extensions/no-debug-non-zts-20190902/sqlite3 (/usr/local/lib/php/extensions/no-debug-non-zts-20190902/sqlite3: cannot open shared object file: No such file or directory), /usr/local/lib/php/extensions/no-debug-non-zts-20190902/sqlite3.so (/usr/local/lib/php/extensions/no-debug-non-zts-20190902/sqlite3.so: cannot open shared object file: No such file or directory)) in Unknown on line 0
[27-Mar-2022 13:56:38 UTC] PHP Warning:  Module 'intl' already loaded in Unknown on line 0
[Sun Mar 27 13:56:38.544058 2022] [mpm_prefork:notice] [pid 1] AH00163: Apache/2.4.52 (Debian) PHP/7.4.28 OpenSSL/1.1.1k configured -- resuming normal operations
[Sun Mar 27 13:56:38.544155 2022] [core:notice] [pid 1] AH00094: Command line: 'apache2 -D FOREGROUND'
[Sun Mar 27 13:56:47.036806 2022] [mpm_prefork:notice] [pid 1] AH00170: caught SIGWINCH, shutting down gracefully
[27-Mar-2022 13:57:20 UTC] PHP Warning:  PHP Startup: Unable to load dynamic library 'sqlite3' (tried: /usr/local/lib/php/extensions/no-debug-non-zts-20190902/sqlite3 (/usr/local/lib/php/extensions/no-debug-non-zts-20190902/sqlite3: cannot open shared object file: No such file or directory), /usr/local/lib/php/extensions/no-debug-non-zts-20190902/sqlite3.so (/usr/local/lib/php/extensions/no-debug-non-zts-20190902/sqlite3.so: cannot open shared object file: No such file or directory)) in Unknown on line 0
[27-Mar-2022 13:57:20 UTC] PHP Warning:  Module 'intl' already loaded in Unknown on line 0
[Sun Mar 27 13:57:20.310577 2022] [mpm_prefork:notice] [pid 1] AH00163: Apache/2.4.52 (Debian) PHP/7.4.28 OpenSSL/1.1.1k configured -- resuming normal operations
[Sun Mar 27 13:57:20.310691 2022] [core:notice] [pid 1] AH00094: Command line: 'apache2 -D FOREGROUND'
[Sun Mar 27 13:59:59.747920 2022] [mpm_prefork:notice] [pid 1] AH00170: caught SIGWINCH, shutting down gracefully
[27-Mar-2022 14:00:24 UTC] PHP Warning:  Module 'curl' already loaded in Unknown on line 0
[27-Mar-2022 14:00:24 UTC] PHP Warning:  PHP Startup: Unable to load dynamic library 'sqlite3' (tried: /usr/local/lib/php/extensions/no-debug-non-zts-20190902/sqlite3 (/usr/local/lib/php/extensions/no-debug-non-zts-20190902/sqlite3: cannot open shared object file: No such file or directory), /usr/local/lib/php/extensions/no-debug-non-zts-20190902/sqlite3.so (/usr/local/lib/php/extensions/no-debug-non-zts-20190902/sqlite3.so: cannot open shared object file: No such file or directory)) in Unknown on line 0
[27-Mar-2022 14:00:24 UTC] PHP Warning:  Module 'intl' already loaded in Unknown on line 0
[Sun Mar 27 14:00:24.626032 2022] [mpm_prefork:notice] [pid 1] AH00163: Apache/2.4.52 (Debian) PHP/7.4.28 OpenSSL/1.1.1k configured -- resuming normal operations
[Sun Mar 27 14:00:24.626168 2022] [core:notice] [pid 1] AH00094: Command line: 'apache2 -D FOREGROUND'
[Sun Mar 27 14:08:08.168019 2022] [mpm_prefork:notice] [pid 1] AH00170: caught SIGWINCH, shutting down gracefully
[27-Mar-2022 14:08:16 UTC] PHP Warning:  Module 'curl' already loaded in Unknown on line 0
[27-Mar-2022 14:08:16 UTC] PHP Warning:  PHP Startup: Unable to load dynamic library 'sqlite3' (tried: /usr/local/lib/php/extensions/no-debug-non-zts-20190902/sqlite3 (/usr/local/lib/php/extensions/no-debug-non-zts-20190902/sqlite3: cannot open shared object file: No such file or directory), /usr/local/lib/php/extensions/no-debug-non-zts-20190902/sqlite3.so (/usr/local/lib/php/extensions/no-debug-non-zts-20190902/sqlite3.so: cannot open shared object file: No such file or directory)) in Unknown on line 0
[27-Mar-2022 14:08:16 UTC] PHP Warning:  Module 'intl' already loaded in Unknown on line 0
[Sun Mar 27 14:08:16.358163 2022] [mpm_prefork:notice] [pid 1] AH00163: Apache/2.4.52 (Debian) PHP/7.4.28 OpenSSL/1.1.1k configured -- resuming normal operations
[Sun Mar 27 14:08:16.358256 2022] [core:notice] [pid 1] AH00094: Command line: 'apache2 -D FOREGROUND'
[27-Mar-2022 14:09:57 UTC] PHP Warning:  Module 'curl' already loaded in Unknown on line 0
[27-Mar-2022 14:09:57 UTC] PHP Warning:  PHP Startup: Unable to load dynamic library 'sqlite3' (tried: /usr/local/lib/php/extensions/no-debug-non-zts-20190902/sqlite3 (/usr/local/lib/php/extensions/no-debug-non-zts-20190902/sqlite3: cannot open shared object file: No such file or directory), /usr/local/lib/php/extensions/no-debug-non-zts-20190902/sqlite3.so (/usr/local/lib/php/extensions/no-debug-non-zts-20190902/sqlite3.so: cannot open shared object file: No such file or directory)) in Unknown on line 0
[27-Mar-2022 14:09:57 UTC] PHP Warning:  Module 'intl' already loaded in Unknown on line 0
[27-Mar-2022 14:09:57 UTC] PHP Warning:  Module 'curl' already loaded in Unknown on line 0
[27-Mar-2022 14:09:57 UTC] PHP Warning:  PHP Startup: Unable to load dynamic library 'sqlite3' (tried: /usr/local/lib/php/extensions/no-debug-non-zts-20190902/sqlite3 (/usr/local/lib/php/extensions/no-debug-non-zts-20190902/sqlite3: cannot open shared object file: No such file or directory), /usr/local/lib/php/extensions/no-debug-non-zts-20190902/sqlite3.so (/usr/local/lib/php/extensions/no-debug-non-zts-20190902/sqlite3.so: cannot open shared object file: No such file or directory)) in Unknown on line 0
[27-Mar-2022 14:09:57 UTC] PHP Warning:  Module 'intl' already loaded in Unknown on line 0
[Sun Mar 27 14:10:12.851525 2022] [php7:error] [pid 19] [client 172.30.0.1:45066] script '/var/www/html/codeigniter4/index.php' not found or unable to stat, referer: http://localhost:8084/codeigniter4/public/
[Sun Mar 27 14:10:35.197940 2022] [mpm_prefork:notice] [pid 1] AH00170: caught SIGWINCH, shutting down gracefully
[27-Mar-2022 14:10:44 UTC] PHP Warning:  Module 'curl' already loaded in Unknown on line 0
[27-Mar-2022 14:10:44 UTC] PHP Warning:  PHP Startup: Unable to load dynamic library 'sqlite3' (tried: /usr/local/lib/php/extensions/no-debug-non-zts-20190902/sqlite3 (/usr/local/lib/php/extensions/no-debug-non-zts-20190902/sqlite3: cannot open shared object file: No such file or directory), /usr/local/lib/php/extensions/no-debug-non-zts-20190902/sqlite3.so (/usr/local/lib/php/extensions/no-debug-non-zts-20190902/sqlite3.so: cannot open shared object file: No such file or directory)) in Unknown on line 0
[27-Mar-2022 14:10:44 UTC] PHP Warning:  Module 'intl' already loaded in Unknown on line 0
[Sun Mar 27 14:10:44.798012 2022] [mpm_prefork:notice] [pid 1] AH00163: Apache/2.4.52 (Debian) PHP/7.4.28 OpenSSL/1.1.1k configured -- resuming normal operations
[Sun Mar 27 14:10:44.798143 2022] [core:notice] [pid 1] AH00094: Command line: 'apache2 -D FOREGROUND'
[Sun Mar 27 14:10:46.797839 2022] [php7:error] [pid 19] [client 172.31.0.1:60610] script '/var/www/html/codeigniter4/index.php' not found or unable to stat, referer: http://localhost:8084/codeigniter4/public/
[Sun Mar 27 14:10:48.132705 2022] [php7:error] [pid 19] [client 172.31.0.1:60610] script '/var/www/html/codeigniter4/index.php' not found or unable to stat, referer: http://localhost:8084/codeigniter4/public/
[Sun Mar 27 14:10:48.949252 2022] [php7:error] [pid 19] [client 172.31.0.1:60610] script '/var/www/html/codeigniter4/index.php' not found or unable to stat, referer: http://localhost:8084/codeigniter4/public/
[Sun Mar 27 14:11:16.497672 2022] [mpm_prefork:notice] [pid 1] AH00170: caught SIGWINCH, shutting down gracefully
[27-Mar-2022 14:30:02 UTC] PHP Warning:  Module 'curl' already loaded in Unknown on line 0
[27-Mar-2022 14:30:02 UTC] PHP Warning:  PHP Startup: Unable to load dynamic library 'sqlite3' (tried: /usr/local/lib/php/extensions/no-debug-non-zts-20190902/sqlite3 (/usr/local/lib/php/extensions/no-debug-non-zts-20190902/sqlite3: cannot open shared object file: No such file or directory), /usr/local/lib/php/extensions/no-debug-non-zts-20190902/sqlite3.so (/usr/local/lib/php/extensions/no-debug-non-zts-20190902/sqlite3.so: cannot open shared object file: No such file or directory)) in Unknown on line 0
[27-Mar-2022 14:30:02 UTC] PHP Warning:  Module 'intl' already loaded in Unknown on line 0
[Sun Mar 27 14:30:02.667432 2022] [mpm_prefork:notice] [pid 1] AH00163: Apache/2.4.52 (Debian) PHP/7.4.28 OpenSSL/1.1.1k configured -- resuming normal operations
[Sun Mar 27 14:30:02.667541 2022] [core:notice] [pid 1] AH00094: Command line: 'apache2 -D FOREGROUND'
[27-Mar-2022 14:32:13 UTC] PHP Warning:  Module 'curl' already loaded in Unknown on line 0
[27-Mar-2022 14:32:13 UTC] PHP Warning:  PHP Startup: Unable to load dynamic library 'sqlite3' (tried: /usr/local/lib/php/extensions/no-debug-non-zts-20190902/sqlite3 (/usr/local/lib/php/extensions/no-debug-non-zts-20190902/sqlite3: cannot open shared object file: No such file or directory), /usr/local/lib/php/extensions/no-debug-non-zts-20190902/sqlite3.so (/usr/local/lib/php/extensions/no-debug-non-zts-20190902/sqlite3.so: cannot open shared object file: No such file or directory)) in Unknown on line 0
[27-Mar-2022 14:32:13 UTC] PHP Warning:  Module 'intl' already loaded in Unknown on line 0
[27-Mar-2022 14:32:13 UTC] PHP Warning:  Module 'curl' already loaded in Unknown on line 0
[27-Mar-2022 14:32:13 UTC] PHP Warning:  PHP Startup: Unable to load dynamic library 'sqlite3' (tried: /usr/local/lib/php/extensions/no-debug-non-zts-20190902/sqlite3 (/usr/local/lib/php/extensions/no-debug-non-zts-20190902/sqlite3: cannot open shared object file: No such file or directory), /usr/local/lib/php/extensions/no-debug-non-zts-20190902/sqlite3.so (/usr/local/lib/php/extensions/no-debug-non-zts-20190902/sqlite3.so: cannot open shared object file: No such file or directory)) in Unknown on line 0
[27-Mar-2022 14:32:13 UTC] PHP Warning:  Module 'intl' already loaded in Unknown on line 0
[Sun Mar 27 14:32:33.610243 2022] [mpm_prefork:notice] [pid 1] AH00170: caught SIGWINCH, shutting down gracefully
[27-Mar-2022 14:33:06 UTC] PHP Warning:  Module 'curl' already loaded in Unknown on line 0
[27-Mar-2022 14:33:06 UTC] PHP Warning:  PHP Startup: Unable to load dynamic library 'sqlite3' (tried: /usr/local/lib/php/extensions/no-debug-non-zts-20190902/sqlite3 (/usr/local/lib/php/extensions/no-debug-non-zts-20190902/sqlite3: cannot open shared object file: No such file or directory), /usr/local/lib/php/extensions/no-debug-non-zts-20190902/sqlite3.so (/usr/local/lib/php/extensions/no-debug-non-zts-20190902/sqlite3.so: cannot open shared object file: No such file or directory)) in Unknown on line 0
[27-Mar-2022 14:33:06 UTC] PHP Warning:  Module 'intl' already loaded in Unknown on line 0
[Sun Mar 27 14:33:06.398222 2022] [mpm_prefork:notice] [pid 1] AH00163: Apache/2.4.52 (Debian) PHP/7.4.28 OpenSSL/1.1.1k configured -- resuming normal operations
[Sun Mar 27 14:33:06.398307 2022] [core:notice] [pid 1] AH00094: Command line: 'apache2 -D FOREGROUND'
[Sun Mar 27 14:33:28.134968 2022] [mpm_prefork:notice] [pid 1] AH00170: caught SIGWINCH, shutting down gracefully
[27-Mar-2022 14:33:38 UTC] PHP Warning:  Module 'curl' already loaded in Unknown on line 0
[27-Mar-2022 14:33:38 UTC] PHP Warning:  PHP Startup: Unable to load dynamic library 'sqlite3' (tried: /usr/local/lib/php/extensions/no-debug-non-zts-20190902/sqlite3 (/usr/local/lib/php/extensions/no-debug-non-zts-20190902/sqlite3: cannot open shared object file: No such file or directory), /usr/local/lib/php/extensions/no-debug-non-zts-20190902/sqlite3.so (/usr/local/lib/php/extensions/no-debug-non-zts-20190902/sqlite3.so: cannot open shared object file: No such file or directory)) in Unknown on line 0
[27-Mar-2022 14:33:38 UTC] PHP Warning:  Module 'intl' already loaded in Unknown on line 0
[Sun Mar 27 14:33:38.811339 2022] [mpm_prefork:notice] [pid 1] AH00163: Apache/2.4.52 (Debian) PHP/7.4.28 OpenSSL/1.1.1k configured -- resuming normal operations
[Sun Mar 27 14:33:38.811441 2022] [core:notice] [pid 1] AH00094: Command line: 'apache2 -D FOREGROUND'
[Sun Mar 27 14:35:13.434005 2022] [mpm_prefork:notice] [pid 1] AH00170: caught SIGWINCH, shutting down gracefully
[27-Mar-2022 14:35:24 UTC] PHP Warning:  Module 'curl' already loaded in Unknown on line 0
[27-Mar-2022 14:35:24 UTC] PHP Warning:  PHP Startup: Unable to load dynamic library 'sqlite3' (tried: /usr/local/lib/php/extensions/no-debug-non-zts-20190902/sqlite3 (/usr/local/lib/php/extensions/no-debug-non-zts-20190902/sqlite3: cannot open shared object file: No such file or directory), /usr/local/lib/php/extensions/no-debug-non-zts-20190902/sqlite3.so (/usr/local/lib/php/extensions/no-debug-non-zts-20190902/sqlite3.so: cannot open shared object file: No such file or directory)) in Unknown on line 0
[27-Mar-2022 14:35:24 UTC] PHP Warning:  Module 'intl' already loaded in Unknown on line 0
[Sun Mar 27 14:35:24.746450 2022] [mpm_prefork:notice] [pid 1] AH00163: Apache/2.4.52 (Debian) PHP/7.4.28 OpenSSL/1.1.1k configured -- resuming normal operations
[Sun Mar 27 14:35:24.746542 2022] [core:notice] [pid 1] AH00094: Command line: 'apache2 -D FOREGROUND'
[Sun Mar 27 14:36:23.746944 2022] [mpm_prefork:notice] [pid 1] AH00170: caught SIGWINCH, shutting down gracefully
[27-Mar-2022 14:39:16 UTC] PHP Warning:  Module 'curl' already loaded in Unknown on line 0
[27-Mar-2022 14:39:16 UTC] PHP Warning:  PHP Startup: Unable to load dynamic library 'sqlite3' (tried: /usr/local/lib/php/extensions/no-debug-non-zts-20190902/sqlite3 (/usr/local/lib/php/extensions/no-debug-non-zts-20190902/sqlite3: cannot open shared object file: No such file or directory), /usr/local/lib/php/extensions/no-debug-non-zts-20190902/sqlite3.so (/usr/local/lib/php/extensions/no-debug-non-zts-20190902/sqlite3.so: cannot open shared object file: No such file or directory)) in Unknown on line 0
[27-Mar-2022 14:39:16 UTC] PHP Warning:  Module 'intl' already loaded in Unknown on line 0
[Sun Mar 27 14:39:16.256995 2022] [mpm_prefork:notice] [pid 1] AH00163: Apache/2.4.52 (Debian) PHP/7.4.28 OpenSSL/1.1.1k configured -- resuming normal operations
[Sun Mar 27 14:39:16.257158 2022] [core:notice] [pid 1] AH00094: Command line: 'apache2 -D FOREGROUND'
[Sun Mar 27 14:39:25.085906 2022] [mpm_prefork:notice] [pid 1] AH00170: caught SIGWINCH, shutting down gracefully
[27-Mar-2022 14:39:35 UTC] PHP Warning:  Module 'curl' already loaded in Unknown on line 0
[27-Mar-2022 14:39:35 UTC] PHP Warning:  PHP Startup: Unable to load dynamic library 'sqlite3' (tried: /usr/local/lib/php/extensions/no-debug-non-zts-20190902/sqlite3 (/usr/local/lib/php/extensions/no-debug-non-zts-20190902/sqlite3: cannot open shared object file: No such file or directory), /usr/local/lib/php/extensions/no-debug-non-zts-20190902/sqlite3.so (/usr/local/lib/php/extensions/no-debug-non-zts-20190902/sqlite3.so: cannot open shared object file: No such file or directory)) in Unknown on line 0
[27-Mar-2022 14:39:35 UTC] PHP Warning:  Module 'intl' already loaded in Unknown on line 0
[Sun Mar 27 14:39:35.453650 2022] [mpm_prefork:notice] [pid 1] AH00163: Apache/2.4.52 (Debian) PHP/7.4.28 OpenSSL/1.1.1k configured -- resuming normal operations
[Sun Mar 27 14:39:35.454080 2022] [core:notice] [pid 1] AH00094: Command line: 'apache2 -D FOREGROUND'
[Sun Mar 27 14:41:33.128874 2022] [mpm_prefork:notice] [pid 1] AH00170: caught SIGWINCH, shutting down gracefully
[27-Mar-2022 14:42:02 UTC] PHP Warning:  Module 'curl' already loaded in Unknown on line 0
[27-Mar-2022 14:42:02 UTC] PHP Warning:  PHP Startup: Unable to load dynamic library 'sqlite3' (tried: /usr/local/lib/php/extensions/no-debug-non-zts-20190902/sqlite3 (/usr/local/lib/php/extensions/no-debug-non-zts-20190902/sqlite3: cannot open shared object file: No such file or directory), /usr/local/lib/php/extensions/no-debug-non-zts-20190902/sqlite3.so (/usr/local/lib/php/extensions/no-debug-non-zts-20190902/sqlite3.so: cannot open shared object file: No such file or directory)) in Unknown on line 0
[27-Mar-2022 14:42:02 UTC] PHP Warning:  Module 'intl' already loaded in Unknown on line 0
[Sun Mar 27 14:42:02.546222 2022] [mpm_prefork:notice] [pid 1] AH00163: Apache/2.4.52 (Debian) PHP/7.4.28 OpenSSL/1.1.1k configured -- resuming normal operations
[Sun Mar 27 14:42:02.546354 2022] [core:notice] [pid 1] AH00094: Command line: 'apache2 -D FOREGROUND'
[Sun Mar 27 14:42:56.342259 2022] [autoindex:error] [pid 19] [client 192.168.96.1:56686] AH01276: Cannot serve directory /var/www/html/: No matching DirectoryIndex (index.php,index.html) found, and server-generated directory index forbidden by Options directive
[Sun Mar 27 17:44:43.896529 2022] [mpm_prefork:notice] [pid 1] AH00170: caught SIGWINCH, shutting down gracefully
[27-Mar-2022 17:45:37 UTC] PHP Warning:  Module 'curl' already loaded in Unknown on line 0
[27-Mar-2022 17:45:37 UTC] PHP Warning:  PHP Startup: Unable to load dynamic library 'sqlite3' (tried: /usr/local/lib/php/extensions/no-debug-non-zts-20190902/sqlite3 (/usr/local/lib/php/extensions/no-debug-non-zts-20190902/sqlite3: cannot open shared object file: No such file or directory), /usr/local/lib/php/extensions/no-debug-non-zts-20190902/sqlite3.so (/usr/local/lib/php/extensions/no-debug-non-zts-20190902/sqlite3.so: cannot open shared object file: No such file or directory)) in Unknown on line 0
[27-Mar-2022 17:45:37 UTC] PHP Warning:  Module 'intl' already loaded in Unknown on line 0
[Sun Mar 27 17:45:37.249246 2022] [mpm_prefork:notice] [pid 1] AH00163: Apache/2.4.52 (Debian) PHP/7.4.28 OpenSSL/1.1.1k configured -- resuming normal operations
[Sun Mar 27 17:45:37.249415 2022] [core:notice] [pid 1] AH00094: Command line: 'apache2 -D FOREGROUND'
[27-Mar-2022 17:51:18 UTC] PHP Warning:  Module 'curl' already loaded in Unknown on line 0
[27-Mar-2022 17:51:18 UTC] PHP Warning:  PHP Startup: Unable to load dynamic library 'sqlite3' (tried: /usr/local/lib/php/extensions/no-debug-non-zts-20190902/sqlite3 (/usr/local/lib/php/extensions/no-debug-non-zts-20190902/sqlite3: cannot open shared object file: No such file or directory), /usr/local/lib/php/extensions/no-debug-non-zts-20190902/sqlite3.so (/usr/local/lib/php/extensions/no-debug-non-zts-20190902/sqlite3.so: cannot open shared object file: No such file or directory)) in Unknown on line 0
[27-Mar-2022 17:51:18 UTC] PHP Warning:  Module 'intl' already loaded in Unknown on line 0
[27-Mar-2022 17:51:18 UTC] PHP Warning:  Module 'curl' already loaded in Unknown on line 0
[27-Mar-2022 17:51:18 UTC] PHP Warning:  PHP Startup: Unable to load dynamic library 'sqlite3' (tried: /usr/local/lib/php/extensions/no-debug-non-zts-20190902/sqlite3 (/usr/local/lib/php/extensions/no-debug-non-zts-20190902/sqlite3: cannot open shared object file: No such file or directory), /usr/local/lib/php/extensions/no-debug-non-zts-20190902/sqlite3.so (/usr/local/lib/php/extensions/no-debug-non-zts-20190902/sqlite3.so: cannot open shared object file: No such file or directory)) in Unknown on line 0
[27-Mar-2022 17:51:18 UTC] PHP Warning:  Module 'intl' already loaded in Unknown on line 0
[Sun Mar 27 17:54:03.669920 2022] [php7:error] [pid 19] [client 192.168.112.1:38100] script '/var/www/html/curso-udemy-ci4/index.php' not found or unable to stat, referer: http://localhost:8084/curso-udemy-ci4/public/
[27-Mar-2022 18:28:37 UTC] PHP Warning:  Module 'curl' already loaded in Unknown on line 0
[27-Mar-2022 18:28:37 UTC] PHP Warning:  PHP Startup: Unable to load dynamic library 'sqlite3' (tried: /usr/local/lib/php/extensions/no-debug-non-zts-20190902/sqlite3 (/usr/local/lib/php/extensions/no-debug-non-zts-20190902/sqlite3: cannot open shared object file: No such file or directory), /usr/local/lib/php/extensions/no-debug-non-zts-20190902/sqlite3.so (/usr/local/lib/php/extensions/no-debug-non-zts-20190902/sqlite3.so: cannot open shared object file: No such file or directory)) in Unknown on line 0
[27-Mar-2022 18:28:37 UTC] PHP Warning:  Module 'intl' already loaded in Unknown on line 0
[Sun Mar 27 18:28:37.903330 2022] [mpm_prefork:notice] [pid 1] AH00163: Apache/2.4.52 (Debian) PHP/7.4.28 OpenSSL/1.1.1k configured -- resuming normal operations
[Sun Mar 27 18:28:37.903393 2022] [core:notice] [pid 1] AH00094: Command line: 'apache2 -D FOREGROUND'
[Sun Mar 27 18:28:39.861214 2022] [php7:error] [pid 17] [client 192.168.112.1:49688] script '/var/www/html/curso-udemy-ci4/index.php' not found or unable to stat, referer: http://localhost:8084/curso-udemy-ci4/public/
[Sun Mar 27 18:32:00.683332 2022] [php7:error] [pid 19] [client 192.168.112.1:50176] script '/var/www/html/curso-udemy-ci4/index.php' not found or unable to stat, referer: http://localhost:8084/curso-udemy-ci4/public/
[Sun Mar 27 18:32:02.740488 2022] [php7:error] [pid 19] [client 192.168.112.1:50176] script '/var/www/html/curso-udemy-ci4/index.php' not found or unable to stat, referer: http://localhost:8084/curso-udemy-ci4/public/
[Sun Mar 27 18:32:05.413206 2022] [php7:error] [pid 19] [client 192.168.112.1:50176] script '/var/www/html/curso-udemy-ci4/index.php' not found or unable to stat, referer: http://localhost:8084/curso-udemy-ci4/public/
[Sun Mar 27 18:32:06.916761 2022] [php7:error] [pid 19] [client 192.168.112.1:50176] script '/var/www/html/curso-udemy-ci4/index.php' not found or unable to stat, referer: http://localhost:8084/curso-udemy-ci4/public/
[Sun Mar 27 18:32:07.951794 2022] [php7:error] [pid 19] [client 192.168.112.1:50176] script '/var/www/html/curso-udemy-ci4/index.php' not found or unable to stat, referer: http://localhost:8084/curso-udemy-ci4/public/
[Sun Mar 27 18:32:09.430322 2022] [php7:error] [pid 19] [client 192.168.112.1:50176] script '/var/www/html/curso-udemy-ci4/index.php' not found or unable to stat, referer: http://localhost:8084/curso-udemy-ci4/public/
[Sun Mar 27 18:32:13.180198 2022] [php7:error] [pid 19] [client 192.168.112.1:50176] script '/var/www/html/curso-udemy-ci4/index.php' not found or unable to stat, referer: http://localhost:8084/curso-udemy-ci4/public/
[Sun Mar 27 19:03:52.778370 2022] [php7:error] [pid 21] [client 192.168.112.1:54670] script '/var/www/html/curso-udemy-ci4/index.php' not found or unable to stat, referer: http://localhost:8084/curso-udemy-ci4/public/movies
[Sun Mar 27 19:08:16.353027 2022] [php7:error] [pid 17] [client 192.168.112.1:55304] script '/var/www/html/curso-udemy-ci4/index.php' not found or unable to stat, referer: http://localhost:8084/curso-udemy-ci4/public/movie
[02-Apr-2022 18:41:57 UTC] PHP Warning:  Module 'curl' already loaded in Unknown on line 0
[02-Apr-2022 18:41:57 UTC] PHP Warning:  PHP Startup: Unable to load dynamic library 'sqlite3' (tried: /usr/local/lib/php/extensions/no-debug-non-zts-20190902/sqlite3 (/usr/local/lib/php/extensions/no-debug-non-zts-20190902/sqlite3: cannot open shared object file: No such file or directory), /usr/local/lib/php/extensions/no-debug-non-zts-20190902/sqlite3.so (/usr/local/lib/php/extensions/no-debug-non-zts-20190902/sqlite3.so: cannot open shared object file: No such file or directory)) in Unknown on line 0
[02-Apr-2022 18:41:57 UTC] PHP Warning:  Module 'intl' already loaded in Unknown on line 0
[Sat Apr 02 18:41:57.672174 2022] [mpm_prefork:notice] [pid 1] AH00163: Apache/2.4.52 (Debian) PHP/7.4.28 OpenSSL/1.1.1k configured -- resuming normal operations
[Sat Apr 02 18:41:57.672242 2022] [core:notice] [pid 1] AH00094: Command line: 'apache2 -D FOREGROUND'
[Sat Apr 02 18:42:31.376164 2022] [php7:error] [pid 18] [client 192.168.112.1:47332] script '/var/www/html/curso-udemy-ci4/index.php' not found or unable to stat, referer: http://localhost:8084/curso-udemy-ci4/public/movie
[Sat Apr 02 18:44:29.367372 2022] [php7:error] [pid 20] [client 192.168.112.1:47336] script '/var/www/html/curso-udemy-ci4/index.php' not found or unable to stat, referer: http://localhost:8084/curso-udemy-ci4/public/movie
[Sat Apr 02 18:45:08.352527 2022] [php7:error] [pid 21] [client 192.168.112.1:47338] script '/var/www/html/curso-udemy-ci4/index.php' not found or unable to stat, referer: http://localhost:8084/curso-udemy-ci4/public/movie/test
[Sat Apr 02 18:46:31.545406 2022] [php7:error] [pid 23] [client 192.168.112.1:47342] script '/var/www/html/curso-udemy-ci4/index.php' not found or unable to stat, referer: http://localhost:8084/curso-udemy-ci4/public/movie/test
[Sat Apr 02 18:47:11.810522 2022] [php7:error] [pid 18] [client 192.168.112.1:47344] script '/var/www/html/curso-udemy-ci4/index.php' not found or unable to stat, referer: http://localhost:8084/curso-udemy-ci4/public/movie
[Sat Apr 02 18:47:34.104639 2022] [php7:error] [pid 19] [client 192.168.112.1:47346] script '/var/www/html/curso-udemy-ci4/index.php' not found or unable to stat, referer: http://localhost:8084/curso-udemy-ci4/public/movie
[Sat Apr 02 18:53:00.602490 2022] [php7:error] [pid 22] [client 192.168.112.1:47352] script '/var/www/html/curso-udemy-ci4/index.php' not found or unable to stat, referer: http://localhost:8084/curso-udemy-ci4/public/category
[Sat Apr 02 18:57:27.151293 2022] [php7:error] [pid 19] [client 192.168.112.1:47358] PHP Fatal error:  Cannot declare class App\\Controllers\\CategoryController, because the name is already in use in /var/www/html/curso-udemy-ci4/app/Controllers/dashboard/CategoryController.php on line 10
[Sat Apr 02 19:54:12.693028 2022] [php7:error] [pid 22] [client 192.168.112.1:47382] script '/var/www/html/curso-udemy-ci4/index.php' not found or unable to stat, referer: http://localhost:8084/curso-udemy-ci4/public/category
[Sat Apr 02 20:13:34.078266 2022] [php7:error] [pid 21] [client 192.168.112.1:47388] script '/var/www/html/curso-udemy-ci4/index.php' not found or unable to stat, referer: http://localhost:8084/curso-udemy-ci4/public/movie
[Sat Apr 02 20:13:55.492446 2022] [php7:error] [pid 19] [client 192.168.112.1:47386] script '/var/www/html/curso-udemy-ci4/index.php' not found or unable to stat, referer: http://localhost:8084/curso-udemy-ci4/public/movie
[Sat Apr 02 20:14:48.214495 2022] [php7:error] [pid 20] [client 192.168.112.1:47392] script '/var/www/html/curso-udemy-ci4/index.php' not found or unable to stat, referer: http://localhost:8084/curso-udemy-ci4/public/movie
[Sat Apr 02 20:15:17.824183 2022] [php7:error] [pid 18] [client 192.168.112.1:47396] script '/var/www/html/curso-udemy-ci4/index.php' not found or unable to stat, referer: http://localhost:8084/curso-udemy-ci4/public/movie
[Sat Apr 02 20:15:42.209146 2022] [php7:error] [pid 24] [client 192.168.112.1:47400] script '/var/www/html/curso-udemy-ci4/index.php' not found or unable to stat, referer: http://localhost:8084/curso-udemy-ci4/public/movie
[Sat Apr 02 20:15:45.116464 2022] [php7:error] [pid 19] [client 192.168.112.1:47402] script '/var/www/html/curso-udemy-ci4/index.php' not found or unable to stat, referer: http://localhost:8084/curso-udemy-ci4/public/movie
[Sat Apr 02 20:15:48.479881 2022] [php7:error] [pid 19] [client 192.168.112.1:47402] script '/var/www/html/curso-udemy-ci4/index.php' not found or unable to stat, referer: http://localhost:8084/curso-udemy-ci4/public/movie
[Sat Apr 02 20:15:58.682471 2022] [php7:error] [pid 20] [client 192.168.112.1:47406] script '/var/www/html/curso-udemy-ci4/index.php' not found or unable to stat, referer: http://localhost:8084/curso-udemy-ci4/public/movie
[Sat Apr 02 20:16:04.027495 2022] [php7:error] [pid 18] [client 192.168.112.1:47412] script '/var/www/html/curso-udemy-ci4/index.php' not found or unable to stat, referer: http://localhost:8084/curso-udemy-ci4/public/movie
[Sat Apr 02 20:16:18.232039 2022] [php7:error] [pid 21] [client 192.168.112.1:47410] script '/var/www/html/curso-udemy-ci4/index.php' not found or unable to stat, referer: http://localhost:8084/curso-udemy-ci4/public/movie
[Sat Apr 02 20:16:48.660014 2022] [php7:error] [pid 24] [client 192.168.112.1:47414] script '/var/www/html/curso-udemy-ci4/index.php' not found or unable to stat, referer: http://localhost:8084/curso-udemy-ci4/public/movie
[Sat Apr 02 20:17:54.022709 2022] [php7:error] [pid 23] [client 192.168.112.1:47418] script '/var/www/html/curso-udemy-ci4/index.php' not found or unable to stat, referer: http://localhost:8084/curso-udemy-ci4/public/movie
[Sat Apr 02 20:18:24.003638 2022] [php7:error] [pid 22] [client 192.168.112.1:47422] script '/var/www/html/curso-udemy-ci4/index.php' not found or unable to stat, referer: http://localhost:8084/curso-udemy-ci4/public/movie
[Sat Apr 02 20:18:55.786899 2022] [php7:error] [pid 21] [client 192.168.112.1:47426] script '/var/www/html/curso-udemy-ci4/index.php' not found or unable to stat, referer: http://localhost:8084/curso-udemy-ci4/public/movie
[Sat Apr 02 20:19:49.069699 2022] [php7:error] [pid 19] [client 192.168.112.1:47432] script '/var/www/html/curso-udemy-ci4/index.php' not found or unable to stat, referer: http://localhost:8084/curso-udemy-ci4/public/movie
[Sat Apr 02 20:20:01.907289 2022] [php7:error] [pid 23] [client 192.168.112.1:47434] script '/var/www/html/curso-udemy-ci4/index.php' not found or unable to stat, referer: http://localhost:8084/curso-udemy-ci4/public/movie
[Sat Apr 02 20:20:04.296121 2022] [php7:error] [pid 23] [client 192.168.112.1:47434] script '/var/www/html/curso-udemy-ci4/index.php' not found or unable to stat, referer: http://localhost:8084/curso-udemy-ci4/public/movie
[Sat Apr 02 20:20:17.456388 2022] [php7:error] [pid 20] [client 192.168.112.1:47436] script '/var/www/html/curso-udemy-ci4/index.php' not found or unable to stat, referer: http://localhost:8084/curso-udemy-ci4/public/movie
[Sat Apr 02 20:20:28.751011 2022] [php7:error] [pid 22] [client 192.168.112.1:47438] script '/var/www/html/curso-udemy-ci4/index.php' not found or unable to stat, referer: http://localhost:8084/curso-udemy-ci4/public/movie
[Sat Apr 02 20:23:51.298621 2022] [php7:error] [pid 21] [client 192.168.112.1:47442] script '/var/www/html/curso-udemy-ci4/index.php' not found or unable to stat, referer: http://localhost:8084/curso-udemy-ci4/public/movie
[Sat Apr 02 20:24:05.952249 2022] [php7:error] [pid 24] [client 192.168.112.1:47444] script '/var/www/html/curso-udemy-ci4/index.php' not found or unable to stat, referer: http://localhost:8084/curso-udemy-ci4/public/movie
[Sat Apr 02 20:24:15.103385 2022] [php7:error] [pid 19] [client 192.168.112.1:47446] script '/var/www/html/curso-udemy-ci4/index.php' not found or unable to stat, referer: http://localhost:8084/curso-udemy-ci4/public/movie
[Sat Apr 02 20:32:50.839007 2022] [php7:error] [pid 20] [client 192.168.112.1:47452] script '/var/www/html/curso-udemy-ci4/index.php' not found or unable to stat, referer: http://localhost:8084/curso-udemy-ci4/public/movie
[Sat Apr 02 20:42:17.563378 2022] [php7:error] [pid 18] [client 192.168.112.1:47456] script '/var/www/html/curso-udemy-ci4/index.php' not found or unable to stat, referer: http://localhost:8084/curso-udemy-ci4/public/contact
[Sat Apr 02 20:42:55.895336 2022] [php7:error] [pid 21] [client 192.168.112.1:47458] script '/var/www/html/curso-udemy-ci4/index.php' not found or unable to stat, referer: http://localhost:8084/curso-udemy-ci4/public/contact
[Sat Apr 02 20:43:11.888302 2022] [php7:error] [pid 24] [client 192.168.112.1:47460] script '/var/www/html/curso-udemy-ci4/index.php' not found or unable to stat, referer: http://localhost:8084/curso-udemy-ci4/public/contact
[Sat Apr 02 20:45:30.111053 2022] [php7:error] [pid 23] [client 192.168.112.1:47466] script '/var/www/html/curso-udemy-ci4/index.php' not found or unable to stat, referer: http://localhost:8084/curso-udemy-ci4/public/contact/milka
[Sat Apr 02 20:45:36.581576 2022] [php7:error] [pid 22] [client 192.168.112.1:47468] script '/var/www/html/curso-udemy-ci4/index.php' not found or unable to stat, referer: http://localhost:8084/curso-udemy-ci4/public/contact/milka
[Sat Apr 02 20:45:41.971250 2022] [php7:error] [pid 18] [client 192.168.112.1:47470] script '/var/www/html/curso-udemy-ci4/index.php' not found or unable to stat, referer: http://localhost:8084/curso-udemy-ci4/public/contact/milka
[Sat Apr 02 20:47:41.429985 2022] [php7:error] [pid 24] [client 192.168.112.1:47474] script '/var/www/html/curso-udemy-ci4/index.php' not found or unable to stat, referer: http://localhost:8084/curso-udemy-ci4/public/contact/milka
[Sat Apr 02 20:48:07.176079 2022] [php7:error] [pid 23] [client 192.168.112.1:47482] script '/var/www/html/curso-udemy-ci4/index.php' not found or unable to stat, referer: http://localhost:8084/curso-udemy-ci4/public/contact
[Sat Apr 02 20:51:22.141392 2022] [mpm_prefork:notice] [pid 1] AH00170: caught SIGWINCH, shutting down gracefully
[03-Apr-2022 09:21:53 UTC] PHP Warning:  Module 'curl' already loaded in Unknown on line 0
[03-Apr-2022 09:21:53 UTC] PHP Warning:  PHP Startup: Unable to load dynamic library 'sqlite3' (tried: /usr/local/lib/php/extensions/no-debug-non-zts-20190902/sqlite3 (/usr/local/lib/php/extensions/no-debug-non-zts-20190902/sqlite3: cannot open shared object file: No such file or directory), /usr/local/lib/php/extensions/no-debug-non-zts-20190902/sqlite3.so (/usr/local/lib/php/extensions/no-debug-non-zts-20190902/sqlite3.so: cannot open shared object file: No such file or directory)) in Unknown on line 0
[03-Apr-2022 09:21:53 UTC] PHP Warning:  Module 'intl' already loaded in Unknown on line 0
[Sun Apr 03 09:21:53.299493 2022] [mpm_prefork:notice] [pid 1] AH00163: Apache/2.4.52 (Debian) PHP/7.4.28 OpenSSL/1.1.1k configured -- resuming normal operations
[Sun Apr 03 09:21:53.299646 2022] [core:notice] [pid 1] AH00094: Command line: 'apache2 -D FOREGROUND'
[Sun Apr 03 09:24:57.411098 2022] [php7:error] [pid 18] [client 172.18.0.1:49312] script '/var/www/html/curso-udemy-ci4/index.php' not found or unable to stat, referer: http://localhost:8084/curso-udemy-ci4/public/category
[Sun Apr 03 09:25:01.071148 2022] [php7:error] [pid 18] [client 172.18.0.1:49312] script '/var/www/html/curso-udemy-ci4/index.php' not found or unable to stat, referer: http://localhost:8084/curso-udemy-ci4/public/
[Sun Apr 03 09:25:07.513478 2022] [php7:error] [pid 19] [client 172.18.0.1:49314] script '/var/www/html/curso-udemy-ci4/index.php' not found or unable to stat, referer: http://localhost:8084/curso-udemy-ci4/public/movie
[Sun Apr 03 09:28:23.895345 2022] [php7:error] [pid 19] [client 172.18.0.1:49328] script '/var/www/html/curso-udemy-ci4/index.php' not found or unable to stat, referer: http://localhost:8084/curso-udemy-ci4/public/movie
[Sun Apr 03 09:28:56.196472 2022] [php7:error] [pid 20] [client 172.18.0.1:49330] script '/var/www/html/curso-udemy-ci4/index.php' not found or unable to stat, referer: http://localhost:8084/curso-udemy-ci4/public/movie
[Sun Apr 03 09:29:08.838911 2022] [php7:error] [pid 21] [client 172.18.0.1:49332] script '/var/www/html/curso-udemy-ci4/index.php' not found or unable to stat, referer: http://localhost:8084/curso-udemy-ci4/public/movie
[Sun Apr 03 09:31:08.579322 2022] [php7:error] [pid 23] [client 172.18.0.1:49336] script '/var/www/html/curso-udemy-ci4/index.php' not found or unable to stat, referer: http://localhost:8084/curso-udemy-ci4/public/movie
[Sun Apr 03 09:56:11.096065 2022] [php7:error] [pid 22] [client 172.18.0.1:49378] script '/var/www/html/index.php' not found or unable to stat
[Sun Apr 03 09:56:12.344856 2022] [php7:error] [pid 22] [client 172.18.0.1:49378] script '/var/www/html/index.php' not found or unable to stat
[Sun Apr 03 09:56:16.542178 2022] [php7:error] [pid 22] [client 172.18.0.1:49378] script '/var/www/html/index.php' not found or unable to stat
[03-Apr-2022 11:10:32 UTC] PHP Warning:  Module 'curl' already loaded in Unknown on line 0
[03-Apr-2022 11:10:32 UTC] PHP Warning:  PHP Startup: Unable to load dynamic library 'sqlite3' (tried: /usr/local/lib/php/extensions/no-debug-non-zts-20190902/sqlite3 (/usr/local/lib/php/extensions/no-debug-non-zts-20190902/sqlite3: cannot open shared object file: No such file or directory), /usr/local/lib/php/extensions/no-debug-non-zts-20190902/sqlite3.so (/usr/local/lib/php/extensions/no-debug-non-zts-20190902/sqlite3.so: cannot open shared object file: No such file or directory)) in Unknown on line 0
[03-Apr-2022 11:10:32 UTC] PHP Warning:  Module 'intl' already loaded in Unknown on line 0
[Sun Apr 03 11:10:32.576726 2022] [mpm_prefork:notice] [pid 1] AH00163: Apache/2.4.52 (Debian) PHP/7.4.28 OpenSSL/1.1.1k configured -- resuming normal operations
[Sun Apr 03 11:10:32.576791 2022] [core:notice] [pid 1] AH00094: Command line: 'apache2 -D FOREGROUND'
[Sun Apr 03 11:10:37.255260 2022] [php7:warn] [pid 18] [client 172.19.0.1:33808] PHP Warning:  require(/var/www/html/curso-udemy-ci4/app/Config/../../vendor/codeigniter4/framework/system/bootstrap.php): failed to open stream: No such file or directory in /var/www/html/curso-udemy-ci4/index.php on line 28
[Sun Apr 03 11:10:37.255313 2022] [php7:error] [pid 18] [client 172.19.0.1:33808] PHP Fatal error:  require(): Failed opening required '/var/www/html/curso-udemy-ci4/app/Config/../../vendor/codeigniter4/framework/system/bootstrap.php' (include_path='.:/usr/local/lib/php') in /var/www/html/curso-udemy-ci4/index.php on line 28
[Sun Apr 03 11:11:28.885214 2022] [php7:warn] [pid 20] [client 172.19.0.1:33814] PHP Warning:  require(/var/www/html/curso-udemy-ci4/app/Config/../../vendor/codeigniter4/framework/system/bootstrap.php): failed to open stream: No such file or directory in /var/www/html/curso-udemy-ci4/index.php on line 28
[Sun Apr 03 11:11:28.885297 2022] [php7:error] [pid 20] [client 172.19.0.1:33814] PHP Fatal error:  require(): Failed opening required '/var/www/html/curso-udemy-ci4/app/Config/../../vendor/codeigniter4/framework/system/bootstrap.php' (include_path='.:/usr/local/lib/php') in /var/www/html/curso-udemy-ci4/index.php on line 28
[Sun Apr 03 11:11:31.224467 2022] [php7:warn] [pid 20] [client 172.19.0.1:33814] PHP Warning:  require(/var/www/html/curso-udemy-ci4/app/Config/../../vendor/codeigniter4/framework/system/bootstrap.php): failed to open stream: No such file or directory in /var/www/html/curso-udemy-ci4/index.php on line 28
[Sun Apr 03 11:11:31.224507 2022] [php7:error] [pid 20] [client 172.19.0.1:33814] PHP Fatal error:  require(): Failed opening required '/var/www/html/curso-udemy-ci4/app/Config/../../vendor/codeigniter4/framework/system/bootstrap.php' (include_path='.:/usr/local/lib/php') in /var/www/html/curso-udemy-ci4/index.php on line 28
[Sun Apr 03 11:14:01.997300 2022] [php7:warn] [pid 17] [client 172.19.0.1:33818] PHP Warning:  require(/var/www/html/curso-udemy-ci4/app/Config/../../vendor/codeigniter4/framework/system/bootstrap.php): failed to open stream: No such file or directory in /var/www/html/curso-udemy-ci4/index.php on line 28
[Sun Apr 03 11:14:01.997368 2022] [php7:error] [pid 17] [client 172.19.0.1:33818] PHP Fatal error:  require(): Failed opening required '/var/www/html/curso-udemy-ci4/app/Config/../../vendor/codeigniter4/framework/system/bootstrap.php' (include_path='.:/usr/local/lib/php') in /var/www/html/curso-udemy-ci4/index.php on line 28
[Sun Apr 03 11:14:06.650213 2022] [php7:warn] [pid 17] [client 172.19.0.1:33818] PHP Warning:  require(/var/www/html/curso-udemy-ci4/app/Config/../../vendor/codeigniter4/framework/system/bootstrap.php): failed to open stream: No such file or directory in /var/www/html/curso-udemy-ci4/index.php on line 28
[Sun Apr 03 11:14:06.650265 2022] [php7:error] [pid 17] [client 172.19.0.1:33818] PHP Fatal error:  require(): Failed opening required '/var/www/html/curso-udemy-ci4/app/Config/../../vendor/codeigniter4/framework/system/bootstrap.php' (include_path='.:/usr/local/lib/php') in /var/www/html/curso-udemy-ci4/index.php on line 28
[03-Apr-2022 11:55:13 UTC] PHP Warning:  Module 'curl' already loaded in Unknown on line 0
[03-Apr-2022 11:55:13 UTC] PHP Warning:  PHP Startup: Unable to load dynamic library 'sqlite3' (tried: /usr/local/lib/php/extensions/no-debug-non-zts-20190902/sqlite3 (/usr/local/lib/php/extensions/no-debug-non-zts-20190902/sqlite3: cannot open shared object file: No such file or directory), /usr/local/lib/php/extensions/no-debug-non-zts-20190902/sqlite3.so (/usr/local/lib/php/extensions/no-debug-non-zts-20190902/sqlite3.so: cannot open shared object file: No such file or directory)) in Unknown on line 0
[03-Apr-2022 11:55:13 UTC] PHP Warning:  Module 'intl' already loaded in Unknown on line 0
[Sun Apr 03 11:59:46.103943 2022] [mpm_prefork:notice] [pid 1] AH00170: caught SIGWINCH, shutting down gracefully
[03-Apr-2022 11:59:56 UTC] PHP Warning:  Module 'curl' already loaded in Unknown on line 0
[03-Apr-2022 11:59:56 UTC] PHP Warning:  PHP Startup: Unable to load dynamic library 'sqlite3' (tried: /usr/local/lib/php/extensions/no-debug-non-zts-20190902/sqlite3 (/usr/local/lib/php/extensions/no-debug-non-zts-20190902/sqlite3: cannot open shared object file: No such file or directory), /usr/local/lib/php/extensions/no-debug-non-zts-20190902/sqlite3.so (/usr/local/lib/php/extensions/no-debug-non-zts-20190902/sqlite3.so: cannot open shared object file: No such file or directory)) in Unknown on line 0
[03-Apr-2022 11:59:56 UTC] PHP Warning:  Module 'intl' already loaded in Unknown on line 0
[Sun Apr 03 11:59:56.430484 2022] [mpm_prefork:notice] [pid 1] AH00163: Apache/2.4.52 (Debian) PHP/7.4.28 OpenSSL/1.1.1k configured -- resuming normal operations
[Sun Apr 03 11:59:56.430551 2022] [core:notice] [pid 1] AH00094: Command line: 'apache2 -D FOREGROUND'
[Sun Apr 03 12:01:49.749148 2022] [mpm_prefork:notice] [pid 1] AH00170: caught SIGWINCH, shutting down gracefully
[03-Apr-2022 12:06:32 UTC] PHP Warning:  Module 'curl' already loaded in Unknown on line 0
[03-Apr-2022 12:06:32 UTC] PHP Warning:  PHP Startup: Unable to load dynamic library 'sqlite3' (tried: /usr/local/lib/php/extensions/no-debug-non-zts-20190902/sqlite3 (/usr/local/lib/php/extensions/no-debug-non-zts-20190902/sqlite3: cannot open shared object file: No such file or directory), /usr/local/lib/php/extensions/no-debug-non-zts-20190902/sqlite3.so (/usr/local/lib/php/extensions/no-debug-non-zts-20190902/sqlite3.so: cannot open shared object file: No such file or directory)) in Unknown on line 0
[03-Apr-2022 12:06:32 UTC] PHP Warning:  Module 'intl' already loaded in Unknown on line 0
[Sun Apr 03 12:06:32.351012 2022] [mpm_prefork:notice] [pid 1] AH00163: Apache/2.4.52 (Debian) PHP/7.4.28 OpenSSL/1.1.1k configured -- resuming normal operations
[Sun Apr 03 12:06:32.351093 2022] [core:notice] [pid 1] AH00094: Command line: 'apache2 -D FOREGROUND'
[03-Apr-2022 14:57:14 UTC] PHP Warning:  Module 'curl' already loaded in Unknown on line 0
[03-Apr-2022 14:57:14 UTC] PHP Warning:  PHP Startup: Unable to load dynamic library 'sqlite3' (tried: /usr/local/lib/php/extensions/no-debug-non-zts-20190902/sqlite3 (/usr/local/lib/php/extensions/no-debug-non-zts-20190902/sqlite3: cannot open shared object file: No such file or directory), /usr/local/lib/php/extensions/no-debug-non-zts-20190902/sqlite3.so (/usr/local/lib/php/extensions/no-debug-non-zts-20190902/sqlite3.so: cannot open shared object file: No such file or directory)) in Unknown on line 0
[03-Apr-2022 14:57:14 UTC] PHP Warning:  Module 'intl' already loaded in Unknown on line 0
[Sun Apr 03 14:57:14.315462 2022] [mpm_prefork:notice] [pid 1] AH00163: Apache/2.4.52 (Debian) PHP/7.4.28 OpenSSL/1.1.1k configured -- resuming normal operations
[Sun Apr 03 14:57:14.315622 2022] [core:notice] [pid 1] AH00094: Command line: 'apache2 -D FOREGROUND'
